#
# There is insufficient memory for the Java Runtime Environment to continue.
# Native memory allocation (mmap) failed to map 65536 bytes for Failed to commit metaspace.
# Possible reasons:
#   The system is out of physical RAM or swap space
#   The process is running with CompressedOops enabled, and the Java Heap may be blocking the growth of the native heap
# Possible solutions:
#   Reduce memory load on the system
#   Increase physical memory or swap space
#   Check if swap backing store is full
#   Decrease Java heap size (-Xmx/-Xms)
#   Decrease number of Java threads
#   Decrease Java thread stack sizes (-Xss)
#   Set larger code cache with -XX:ReservedCodeCacheSize=
#   JVM is running with Zero Based Compressed Oops mode in which the Java heap is
#     placed in the first 32GB address space. The Java Heap base address is the
#     maximum limit for the native heap growth. Please use -XX:HeapBaseMinAddress
#     to set the Java Heap base and to place the Java Heap above 32GB virtual address.
# This output file may be truncated or incomplete.
#
#  Out of Memory Error (virtualSpaceNode.cpp:110), pid=33936, tid=47792
#
# JRE version: OpenJDK Runtime Environment Temurin-17.0.8.1+1 (17.0.8.1+1) (build 17.0.8.1+1)
# Java VM: OpenJDK 64-Bit Server VM Temurin-17.0.8.1+1 (17.0.8.1+1, mixed mode, emulated-client, sharing, tiered, compressed oops, compressed class ptrs, g1 gc, windows-amd64)
# No core dump will be written. Minidumps are not enabled by default on client versions of Windows
#

---------------  S U M M A R Y ------------

Command Line: -XX:+ShowCodeDetailsInExceptionMessages -agentlib:jdwp=transport=dt_socket,suspend=y,address=localhost:63170 -Dcom.sun.management.jmxremote -Dcom.sun.management.jmxremote.port=63169 -Dcom.sun.management.jmxremote.authenticate=false -Dcom.sun.management.jmxremote.ssl=false -Djava.rmi.server.hostname=localhost -Dspring.jmx.enabled=true -Dmanagement.endpoints.jmx.exposure.include=* -Dspring.application.admin.enabled=true -XX:TieredStopAtLevel=1 -Dspring.boot.project.name=demo -javaagent:C:\pleiades\2023-09\eclipse\configuration\org.eclipse.osgi\308\0\.cp\lib\javaagent-shaded.jar -Dfile.encoding=UTF-8 -Dstdout.encoding=UTF-8 -Dstderr.encoding=UTF-8 com.example.demo.DemoApplication --spring.output.ansi.enabled=always

Host: 11th Gen Intel(R) Core(TM) i9-11900KF @ 3.50GHz, 16 cores, 63G,  Windows 11 , 64 bit Build 22621 (10.0.22621.2506)
Time: Sun Nov  5 14:28:41 2023  Windows 11 , 64 bit Build 22621 (10.0.22621.2506) elapsed time: 1.271698 seconds (0d 0h 0m 1s)

---------------  T H R E A D  ---------------

Current thread (0x000001ca3da4dde0):  JavaThread "restartedMain" [_thread_in_vm, id=47792, stack(0x000000beb2900000,0x000000beb2a00000)]

Stack: [0x000000beb2900000,0x000000beb2a00000]
Native frames: (J=compiled Java code, j=interpreted, Vv=VM code, C=native code)
V  [jvm.dll+0x678b0a]
V  [jvm.dll+0x835e84]
V  [jvm.dll+0x83762e]
V  [jvm.dll+0x837c93]
V  [jvm.dll+0x24746f]
V  [jvm.dll+0x831f1b]
V  [jvm.dll+0x61d3c6]
V  [jvm.dll+0x1c1aae]
V  [jvm.dll+0x61fd21]
V  [jvm.dll+0x61dd66]
V  [jvm.dll+0x244dbc]
V  [jvm.dll+0x6cf82d]
V  [jvm.dll+0x6d025f]
V  [jvm.dll+0x3729d3]
V  [jvm.dll+0x371a74]
V  [jvm.dll+0x371a18]
V  [jvm.dll+0x5613a5]
V  [jvm.dll+0x5602c4]
V  [jvm.dll+0x385914]
V  [jvm.dll+0x384f7f]
C  0x000001c9daad4b63

Java frames: (J=compiled Java code, j=interpreted, Vv=VM code)
j  org.springframework.boot.context.properties.bind.ValueObjectBinder$ValueObject.get(Lorg/springframework/boot/context/properties/bind/Bindable;Lorg/springframework/boot/context/properties/bind/BindConstructorProvider;Lorg/springframework/boot/context/properties/bind/Binder$Context;)Lorg/springframework/boot/context/properties/bind/ValueObjectBinder$ValueObject;+74
j  org.springframework.boot.context.properties.bind.ValueObjectBinder.bind(Lorg/springframework/boot/context/properties/source/ConfigurationPropertyName;Lorg/springframework/boot/context/properties/bind/Bindable;Lorg/springframework/boot/context/properties/bind/Binder$Context;Lorg/springframework/boot/context/properties/bind/DataObjectPropertyBinder;)Ljava/lang/Object;+6
j  org.springframework.boot.context.properties.bind.Binder.lambda$bindDataObject$5(Lorg/springframework/boot/context/properties/bind/BindMethod;Lorg/springframework/boot/context/properties/source/ConfigurationPropertyName;Lorg/springframework/boot/context/properties/bind/Bindable;Lorg/springframework/boot/context/properties/bind/Binder$Context;Lorg/springframework/boot/context/properties/bind/DataObjectPropertyBinder;)Ljava/lang/Object;+50
j  org.springframework.boot.context.properties.bind.Binder$$Lambda$219+0x000001c9f919ba18.get()Ljava/lang/Object;+24
j  org.springframework.boot.context.properties.bind.Binder$Context.withIncreasedDepth(Ljava/util/function/Supplier;)Ljava/lang/Object;+5
j  org.springframework.boot.context.properties.bind.Binder$Context.withDataObject(Ljava/lang/Class;Ljava/util/function/Supplier;)Ljava/lang/Object;+12
j  org.springframework.boot.context.properties.bind.Binder.bindDataObject(Lorg/springframework/boot/context/properties/source/ConfigurationPropertyName;Lorg/springframework/boot/context/properties/bind/Bindable;Lorg/springframework/boot/context/properties/bind/BindHandler;Lorg/springframework/boot/context/properties/bind/Binder$Context;Z)Ljava/lang/Object;+77
j  org.springframework.boot.context.properties.bind.Binder.bindObject(Lorg/springframework/boot/context/properties/source/ConfigurationPropertyName;Lorg/springframework/boot/context/properties/bind/Bindable;Lorg/springframework/boot/context/properties/bind/BindHandler;Lorg/springframework/boot/context/properties/bind/Binder$Context;Z)Ljava/lang/Object;+113
j  org.springframework.boot.context.properties.bind.Binder.bind(Lorg/springframework/boot/context/properties/source/ConfigurationPropertyName;Lorg/springframework/boot/context/properties/bind/Bindable;Lorg/springframework/boot/context/properties/bind/BindHandler;Lorg/springframework/boot/context/properties/bind/Binder$Context;ZZ)Ljava/lang/Object;+41
j  org.springframework.boot.context.properties.bind.Binder.bind(Lorg/springframework/boot/context/properties/source/ConfigurationPropertyName;Lorg/springframework/boot/context/properties/bind/Bindable;Lorg/springframework/boot/context/properties/bind/BindHandler;Z)Ljava/lang/Object;+44
j  org.springframework.boot.context.properties.bind.Binder.bind(Lorg/springframework/boot/context/properties/source/ConfigurationPropertyName;Lorg/springframework/boot/context/properties/bind/Bindable;Lorg/springframework/boot/context/properties/bind/BindHandler;)Lorg/springframework/boot/context/properties/bind/BindResult;+5
j  org.springframework.boot.context.config.ConfigDataProperties.get(Lorg/springframework/boot/context/properties/bind/Binder;)Lorg/springframework/boot/context/config/ConfigDataProperties;+14
j  org.springframework.boot.context.config.ConfigDataEnvironmentContributor.withBoundProperties(Ljava/lang/Iterable;Lorg/springframework/boot/context/config/ConfigDataActivationContext;)Lorg/springframework/boot/context/config/ConfigDataEnvironmentContributor;+38
j  org.springframework.boot.context.config.ConfigDataEnvironmentContributors.withProcessedImports(Lorg/springframework/boot/context/config/ConfigDataImporter;Lorg/springframework/boot/context/config/ConfigDataActivationContext;)Lorg/springframework/boot/context/config/ConfigDataEnvironmentContributors;+89
j  org.springframework.boot.context.config.ConfigDataEnvironment.processInitial(Lorg/springframework/boot/context/config/ConfigDataEnvironmentContributors;Lorg/springframework/boot/context/config/ConfigDataImporter;)Lorg/springframework/boot/context/config/ConfigDataEnvironmentContributors;+15
j  org.springframework.boot.context.config.ConfigDataEnvironment.processAndApply()V+42
j  org.springframework.boot.context.config.ConfigDataEnvironmentPostProcessor.postProcessEnvironment(Lorg/springframework/core/env/ConfigurableEnvironment;Lorg/springframework/core/io/ResourceLoader;Ljava/util/Collection;)V+34
j  org.springframework.boot.context.config.ConfigDataEnvironmentPostProcessor.postProcessEnvironment(Lorg/springframework/core/env/ConfigurableEnvironment;Lorg/springframework/boot/SpringApplication;)V+10
j  org.springframework.boot.env.EnvironmentPostProcessorApplicationListener.onApplicationEnvironmentPreparedEvent(Lorg/springframework/boot/context/event/ApplicationEnvironmentPreparedEvent;)V+55
j  org.springframework.boot.env.EnvironmentPostProcessorApplicationListener.onApplicationEvent(Lorg/springframework/context/ApplicationEvent;)V+14
j  org.springframework.context.event.SimpleApplicationEventMulticaster.doInvokeListener(Lorg/springframework/context/ApplicationListener;Lorg/springframework/context/ApplicationEvent;)V+2
j  org.springframework.context.event.SimpleApplicationEventMulticaster.invokeListener(Lorg/springframework/context/ApplicationListener;Lorg/springframework/context/ApplicationEvent;)V+34
j  org.springframework.context.event.SimpleApplicationEventMulticaster.multicastEvent(Lorg/springframework/context/ApplicationEvent;Lorg/springframework/core/ResolvableType;)V+82
j  org.springframework.context.event.SimpleApplicationEventMulticaster.multicastEvent(Lorg/springframework/context/ApplicationEvent;)V+3
j  org.springframework.boot.context.event.EventPublishingRunListener.multicastInitialEvent(Lorg/springframework/context/ApplicationEvent;)V+9
j  org.springframework.boot.context.event.EventPublishingRunListener.environmentPrepared(Lorg/springframework/boot/ConfigurableBootstrapContext;Lorg/springframework/core/env/ConfigurableEnvironment;)V+18
j  org.springframework.boot.SpringApplicationRunListeners.lambda$environmentPrepared$2(Lorg/springframework/boot/ConfigurableBootstrapContext;Lorg/springframework/core/env/ConfigurableEnvironment;Lorg/springframework/boot/SpringApplicationRunListener;)V+3
j  org.springframework.boot.SpringApplicationRunListeners$$Lambda$201+0x000001c9f918a6d0.accept(Ljava/lang/Object;)V+12
j  java.lang.Iterable.forEach(Ljava/util/function/Consumer;)V+30 java.base@17.0.8.1
j  org.springframework.boot.SpringApplicationRunListeners.doWithListeners(Ljava/lang/String;Ljava/util/function/Consumer;Ljava/util/function/Consumer;)V+17
j  org.springframework.boot.SpringApplicationRunListeners.doWithListeners(Ljava/lang/String;Ljava/util/function/Consumer;)V+4
j  org.springframework.boot.SpringApplicationRunListeners.environmentPrepared(Lorg/springframework/boot/ConfigurableBootstrapContext;Lorg/springframework/core/env/ConfigurableEnvironment;)V+10
j  org.springframework.boot.SpringApplication.prepareEnvironment(Lorg/springframework/boot/SpringApplicationRunListeners;Lorg/springframework/boot/DefaultBootstrapContext;Lorg/springframework/boot/ApplicationArguments;)Lorg/springframework/core/env/ConfigurableEnvironment;+27
j  org.springframework.boot.SpringApplication.run([Ljava/lang/String;)Lorg/springframework/context/ConfigurableApplicationContext;+65
j  org.springframework.boot.SpringApplication.run([Ljava/lang/Class;[Ljava/lang/String;)Lorg/springframework/context/ConfigurableApplicationContext;+9
j  org.springframework.boot.SpringApplication.run(Ljava/lang/Class;[Ljava/lang/String;)Lorg/springframework/context/ConfigurableApplicationContext;+9
j  com.example.demo.DemoApplication.main([Ljava/lang/String;)V+3
v  ~StubRoutines::call_stub
j  jdk.internal.reflect.NativeMethodAccessorImpl.invoke0(Ljava/lang/reflect/Method;Ljava/lang/Object;[Ljava/lang/Object;)Ljava/lang/Object;+0 java.base@17.0.8.1
j  jdk.internal.reflect.NativeMethodAccessorImpl.invoke(Ljava/lang/Object;[Ljava/lang/Object;)Ljava/lang/Object;+133 java.base@17.0.8.1
j  jdk.internal.reflect.DelegatingMethodAccessorImpl.invoke(Ljava/lang/Object;[Ljava/lang/Object;)Ljava/lang/Object;+6 java.base@17.0.8.1
j  java.lang.reflect.Method.invoke(Ljava/lang/Object;[Ljava/lang/Object;)Ljava/lang/Object;+59 java.base@17.0.8.1
j  org.springframework.boot.devtools.restart.RestartLauncher.run()V+47
v  ~StubRoutines::call_stub

---------------  P R O C E S S  ---------------

Threads class SMR info:
_java_thread_list=0x000001ca3d9b3320, length=28, elements={
0x000001c9d2fe35e0, 0x000001c9de2f1860, 0x000001c9de2f6440, 0x000001c9f7272fc0,
0x000001c9f7273990, 0x000001c9f7276370, 0x000001c9f727ed40, 0x000001c9f7282cb0,
0x000001c9f72836b0, 0x000001c9f728e140, 0x000001c9f726f510, 0x000001c9f7375d70,
0x000001c9f737b770, 0x000001c9f737fd50, 0x000001c9f7384330, 0x000001c9f73f72d0,
0x000001c9f73fb380, 0x000001c9f73fdb80, 0x000001ca3d3c6910, 0x000001ca3d4da1c0,
0x000001ca3d4daab0, 0x000001ca3d5cf3f0, 0x000001ca3d94e6b0, 0x000001ca3d9989c0,
0x000001ca3d9c2bf0, 0x000001ca3da4ed10, 0x000001ca3da4f220, 0x000001ca3da4dde0
}

Java Threads: ( => current thread )
  0x000001c9d2fe35e0 JavaThread "main" [_thread_blocked, id=42840, stack(0x000000beafb00000,0x000000beafc00000)]
  0x000001c9de2f1860 JavaThread "Reference Handler" daemon [_thread_blocked, id=34500, stack(0x000000beb0200000,0x000000beb0300000)]
  0x000001c9de2f6440 JavaThread "Finalizer" daemon [_thread_blocked, id=46596, stack(0x000000beb0300000,0x000000beb0400000)]
  0x000001c9f7272fc0 JavaThread "Signal Dispatcher" daemon [_thread_blocked, id=52116, stack(0x000000beb0400000,0x000000beb0500000)]
  0x000001c9f7273990 JavaThread "Attach Listener" daemon [_thread_blocked, id=42472, stack(0x000000beb0500000,0x000000beb0600000)]
  0x000001c9f7276370 JavaThread "Service Thread" daemon [_thread_blocked, id=22028, stack(0x000000beb0600000,0x000000beb0700000)]
  0x000001c9f727ed40 JavaThread "Monitor Deflation Thread" daemon [_thread_blocked, id=44112, stack(0x000000beb0700000,0x000000beb0800000)]
  0x000001c9f7282cb0 JavaThread "C1 CompilerThread0" daemon [_thread_blocked, id=16412, stack(0x000000beb0800000,0x000000beb0900000)]
  0x000001c9f72836b0 JavaThread "Sweeper thread" daemon [_thread_blocked, id=41092, stack(0x000000beb0900000,0x000000beb0a00000)]
  0x000001c9f728e140 JavaThread "C1 CompilerThread1" daemon [_thread_blocked, id=41208, stack(0x000000beb0a00000,0x000000beb0b00000)]
  0x000001c9f726f510 JavaThread "Common-Cleaner" daemon [_thread_blocked, id=18540, stack(0x000000beb0b00000,0x000000beb0c00000)]
  0x000001c9f7375d70 JavaThread "C1 CompilerThread2" daemon [_thread_blocked, id=39032, stack(0x000000beb0c00000,0x000000beb0d00000)]
  0x000001c9f737b770 JavaThread "C1 CompilerThread3" daemon [_thread_blocked, id=19204, stack(0x000000beb0d00000,0x000000beb0e00000)]
  0x000001c9f737fd50 JavaThread "C1 CompilerThread4" daemon [_thread_blocked, id=37780, stack(0x000000beb0e00000,0x000000beb0f00000)]
  0x000001c9f7384330 JavaThread "C1 CompilerThread5" daemon [_thread_blocked, id=56152, stack(0x000000beb0f00000,0x000000beb1000000)]
  0x000001c9f73f72d0 JavaThread "JDWP Transport Listener: dt_socket" daemon [_thread_blocked, id=3948, stack(0x000000beb1000000,0x000000beb1100000)]
  0x000001c9f73fb380 JavaThread "JDWP Event Helper Thread" daemon [_thread_blocked, id=14232, stack(0x000000beb1100000,0x000000beb1200000)]
  0x000001c9f73fdb80 JavaThread "JDWP Command Reader" daemon [_thread_in_native, id=13108, stack(0x000000beb1200000,0x000000beb1300000)]
  0x000001ca3d3c6910 JavaThread "Notification Thread" daemon [_thread_blocked, id=56552, stack(0x000000beb1300000,0x000000beb1400000)]
  0x000001ca3d4da1c0 JavaThread "RMI TCP Accept-0" daemon [_thread_in_native, id=57788, stack(0x000000beb1400000,0x000000beb1500000)]
  0x000001ca3d4daab0 JavaThread "RMI TCP Accept-63169" daemon [_thread_in_native, id=58876, stack(0x000000beb1500000,0x000000beb1600000)]
  0x000001ca3d5cf3f0 JavaThread "RMI TCP Accept-0" daemon [_thread_in_native, id=9348, stack(0x000000beb1600000,0x000000beb1700000)]
  0x000001ca3d94e6b0 JavaThread "RMI TCP Connection(1)-127.0.0.1" daemon [_thread_in_native, id=51980, stack(0x000000beb1800000,0x000000beb1900000)]
  0x000001ca3d9989c0 JavaThread "RMI Scheduler(0)" daemon [_thread_blocked, id=11628, stack(0x000000beb1900000,0x000000beb1a00000)]
  0x000001ca3d9c2bf0 JavaThread "RMI TCP Connection(2)-127.0.0.1" daemon [_thread_in_native, id=43620, stack(0x000000beb1a00000,0x000000beb1b00000)]
  0x000001ca3da4ed10 JavaThread "JMX server connection timeout 33" daemon [_thread_blocked, id=59628, stack(0x000000beb2700000,0x000000beb2800000)]
  0x000001ca3da4f220 JavaThread "Thread-0" [_thread_blocked, id=42400, stack(0x000000beb2800000,0x000000beb2900000)]
=>0x000001ca3da4dde0 JavaThread "restartedMain" [_thread_in_vm, id=47792, stack(0x000000beb2900000,0x000000beb2a00000)]

Other Threads:
  0x000001c9de2ef210 VMThread "VM Thread" [stack: 0x000000beb0100000,0x000000beb0200000] [id=41428]
  0x000001ca3d5b6fc0 WatcherThread [stack: 0x000000beb1700000,0x000000beb1800000] [id=35616]
  0x000001c9de190be0 GCTaskThread "GC Thread#0" [stack: 0x000000beafc00000,0x000000beafd00000] [id=52880]
  0x000001ca3d9c8b10 GCTaskThread "GC Thread#1" [stack: 0x000000beb1b00000,0x000000beb1c00000] [id=47332]
  0x000001ca3d9c8dd0 GCTaskThread "GC Thread#2" [stack: 0x000000beb1c00000,0x000000beb1d00000] [id=39388]
  0x000001ca3d9c94a0 GCTaskThread "GC Thread#3" [stack: 0x000000beb1d00000,0x000000beb1e00000] [id=22040]
  0x000001ca3d9c9b70 GCTaskThread "GC Thread#4" [stack: 0x000000beb1e00000,0x000000beb1f00000] [id=47076]
  0x000001ca3d9c9e30 GCTaskThread "GC Thread#5" [stack: 0x000000beb1f00000,0x000000beb2000000] [id=33816]
  0x000001ca3d9ca910 GCTaskThread "GC Thread#6" [stack: 0x000000beb2000000,0x000000beb2100000] [id=46252]
  0x000001ca3d9cebe0 GCTaskThread "GC Thread#7" [stack: 0x000000beb2100000,0x000000beb2200000] [id=9060]
  0x000001ca3d9d2eb0 GCTaskThread "GC Thread#8" [stack: 0x000000beb2200000,0x000000beb2300000] [id=12156]
  0x000001ca3d9d3170 GCTaskThread "GC Thread#9" [stack: 0x000000beb2300000,0x000000beb2400000] [id=57988]
  0x000001ca3d9d3840 GCTaskThread "GC Thread#10" [stack: 0x000000beb2400000,0x000000beb2500000] [id=41472]
  0x000001ca3d9dc330 GCTaskThread "GC Thread#11" [stack: 0x000000beb2500000,0x000000beb2600000] [id=9616]
  0x000001ca3d9dc5f0 GCTaskThread "GC Thread#12" [stack: 0x000000beb2600000,0x000000beb2700000] [id=51404]
  0x000001c9d3063410 ConcurrentGCThread "G1 Main Marker" [stack: 0x000000beafd00000,0x000000beafe00000] [id=61956]
  0x000001c9d3063e20 ConcurrentGCThread "G1 Conc#0" [stack: 0x000000beafe00000,0x000000beaff00000] [id=42292]
  0x000001c9de2cf040 ConcurrentGCThread "G1 Refine#0" [stack: 0x000000beaff00000,0x000000beb0000000] [id=39184]
  0x000001c9de2cf910 ConcurrentGCThread "G1 Service" [stack: 0x000000beb0000000,0x000000beb0100000] [id=33312]

Threads with active compile tasks:

VM state: not at safepoint (normal execution)

VM Mutex/Monitor currently owned by a thread:  ([mutex/lock_event])
[0x000001c9d2fdbd60] Metaspace_lock - owner thread: 0x000001ca3da4dde0

Heap address: 0x0000000402000000, size: 16352 MB, Compressed Oops mode: Zero based, Oop shift amount: 3

CDS archive(s) mapped at: [0x000001c9f8000000-0x000001c9f8bd0000-0x000001c9f8bd0000), size 12386304, SharedBaseAddress: 0x000001c9f8000000, ArchiveRelocationMode: 1.
Compressed class space mapped at: 0x000001c9f9000000-0x000001ca39000000, reserved size: 1073741824
Narrow klass base: 0x000001c9f8000000, Narrow klass shift: 0, Narrow klass range: 0x100000000

GC Precious Log:
 CPUs: 16 total, 16 available
 Memory: 65400M
 Large Page Support: Disabled
 NUMA Support: Disabled
 Compressed Oops: Enabled (Zero based)
 Heap Region Size: 8M
 Heap Min Capacity: 8M
 Heap Initial Capacity: 1G
 Heap Max Capacity: 16352M
 Pre-touch: Disabled
 Parallel Workers: 13
 Concurrent Workers: 3
 Concurrent Refinement Workers: 13
 Periodic GC: Disabled

Heap:
 garbage-first heap   total 1048576K, used 41367K [0x0000000402000000, 0x0000000800000000)
  region size 8192K, 6 young (49152K), 1 survivors (8192K)
 Metaspace       used 11788K, committed 12032K, reserved 1114112K
  class space    used 1504K, committed 1664K, reserved 1048576K

Heap Regions: E=young(eden), S=young(survivor), O=old, HS=humongous(starts), HC=humongous(continues), CS=collection set, F=free, OA=open archive, CA=closed archive, TAMS=top-at-mark-start (previous, next)
|   0|0x0000000402000000, 0x0000000402065e00, 0x0000000402800000|  4%| O|  |TAMS 0x0000000402000000, 0x0000000402000000| Untracked 
|   1|0x0000000402800000, 0x0000000402800000, 0x0000000403000000|  0%| F|  |TAMS 0x0000000402800000, 0x0000000402800000| Untracked 
|   2|0x0000000403000000, 0x0000000403000000, 0x0000000403800000|  0%| F|  |TAMS 0x0000000403000000, 0x0000000403000000| Untracked 
|   3|0x0000000403800000, 0x0000000403800000, 0x0000000404000000|  0%| F|  |TAMS 0x0000000403800000, 0x0000000403800000| Untracked 
|   4|0x0000000404000000, 0x0000000404000000, 0x0000000404800000|  0%| F|  |TAMS 0x0000000404000000, 0x0000000404000000| Untracked 
|   5|0x0000000404800000, 0x0000000404800000, 0x0000000405000000|  0%| F|  |TAMS 0x0000000404800000, 0x0000000404800000| Untracked 
|   6|0x0000000405000000, 0x0000000405000000, 0x0000000405800000|  0%| F|  |TAMS 0x0000000405000000, 0x0000000405000000| Untracked 
|   7|0x0000000405800000, 0x0000000405800000, 0x0000000406000000|  0%| F|  |TAMS 0x0000000405800000, 0x0000000405800000| Untracked 
|   8|0x0000000406000000, 0x0000000406000000, 0x0000000406800000|  0%| F|  |TAMS 0x0000000406000000, 0x0000000406000000| Untracked 
|   9|0x0000000406800000, 0x0000000406800000, 0x0000000407000000|  0%| F|  |TAMS 0x0000000406800000, 0x0000000406800000| Untracked 
|  10|0x0000000407000000, 0x0000000407000000, 0x0000000407800000|  0%| F|  |TAMS 0x0000000407000000, 0x0000000407000000| Untracked 
|  11|0x0000000407800000, 0x0000000407800000, 0x0000000408000000|  0%| F|  |TAMS 0x0000000407800000, 0x0000000407800000| Untracked 
|  12|0x0000000408000000, 0x0000000408000000, 0x0000000408800000|  0%| F|  |TAMS 0x0000000408000000, 0x0000000408000000| Untracked 
|  13|0x0000000408800000, 0x0000000408800000, 0x0000000409000000|  0%| F|  |TAMS 0x0000000408800000, 0x0000000408800000| Untracked 
|  14|0x0000000409000000, 0x0000000409000000, 0x0000000409800000|  0%| F|  |TAMS 0x0000000409000000, 0x0000000409000000| Untracked 
|  15|0x0000000409800000, 0x0000000409800000, 0x000000040a000000|  0%| F|  |TAMS 0x0000000409800000, 0x0000000409800000| Untracked 
|  16|0x000000040a000000, 0x000000040a000000, 0x000000040a800000|  0%| F|  |TAMS 0x000000040a000000, 0x000000040a000000| Untracked 
|  17|0x000000040a800000, 0x000000040a800000, 0x000000040b000000|  0%| F|  |TAMS 0x000000040a800000, 0x000000040a800000| Untracked 
|  18|0x000000040b000000, 0x000000040b000000, 0x000000040b800000|  0%| F|  |TAMS 0x000000040b000000, 0x000000040b000000| Untracked 
|  19|0x000000040b800000, 0x000000040b800000, 0x000000040c000000|  0%| F|  |TAMS 0x000000040b800000, 0x000000040b800000| Untracked 
|  20|0x000000040c000000, 0x000000040c000000, 0x000000040c800000|  0%| F|  |TAMS 0x000000040c000000, 0x000000040c000000| Untracked 
|  21|0x000000040c800000, 0x000000040c800000, 0x000000040d000000|  0%| F|  |TAMS 0x000000040c800000, 0x000000040c800000| Untracked 
|  22|0x000000040d000000, 0x000000040d000000, 0x000000040d800000|  0%| F|  |TAMS 0x000000040d000000, 0x000000040d000000| Untracked 
|  23|0x000000040d800000, 0x000000040d800000, 0x000000040e000000|  0%| F|  |TAMS 0x000000040d800000, 0x000000040d800000| Untracked 
|  24|0x000000040e000000, 0x000000040e000000, 0x000000040e800000|  0%| F|  |TAMS 0x000000040e000000, 0x000000040e000000| Untracked 
|  25|0x000000040e800000, 0x000000040e800000, 0x000000040f000000|  0%| F|  |TAMS 0x000000040e800000, 0x000000040e800000| Untracked 
|  26|0x000000040f000000, 0x000000040f000000, 0x000000040f800000|  0%| F|  |TAMS 0x000000040f000000, 0x000000040f000000| Untracked 
|  27|0x000000040f800000, 0x000000040f800000, 0x0000000410000000|  0%| F|  |TAMS 0x000000040f800000, 0x000000040f800000| Untracked 
|  28|0x0000000410000000, 0x0000000410000000, 0x0000000410800000|  0%| F|  |TAMS 0x0000000410000000, 0x0000000410000000| Untracked 
|  29|0x0000000410800000, 0x0000000410800000, 0x0000000411000000|  0%| F|  |TAMS 0x0000000410800000, 0x0000000410800000| Untracked 
|  30|0x0000000411000000, 0x0000000411000000, 0x0000000411800000|  0%| F|  |TAMS 0x0000000411000000, 0x0000000411000000| Untracked 
|  31|0x0000000411800000, 0x0000000411800000, 0x0000000412000000|  0%| F|  |TAMS 0x0000000411800000, 0x0000000411800000| Untracked 
|  32|0x0000000412000000, 0x0000000412000000, 0x0000000412800000|  0%| F|  |TAMS 0x0000000412000000, 0x0000000412000000| Untracked 
|  33|0x0000000412800000, 0x0000000412800000, 0x0000000413000000|  0%| F|  |TAMS 0x0000000412800000, 0x0000000412800000| Untracked 
|  34|0x0000000413000000, 0x0000000413000000, 0x0000000413800000|  0%| F|  |TAMS 0x0000000413000000, 0x0000000413000000| Untracked 
|  35|0x0000000413800000, 0x0000000413800000, 0x0000000414000000|  0%| F|  |TAMS 0x0000000413800000, 0x0000000413800000| Untracked 
|  36|0x0000000414000000, 0x0000000414000000, 0x0000000414800000|  0%| F|  |TAMS 0x0000000414000000, 0x0000000414000000| Untracked 
|  37|0x0000000414800000, 0x0000000414800000, 0x0000000415000000|  0%| F|  |TAMS 0x0000000414800000, 0x0000000414800000| Untracked 
|  38|0x0000000415000000, 0x0000000415000000, 0x0000000415800000|  0%| F|  |TAMS 0x0000000415000000, 0x0000000415000000| Untracked 
|  39|0x0000000415800000, 0x0000000415800000, 0x0000000416000000|  0%| F|  |TAMS 0x0000000415800000, 0x0000000415800000| Untracked 
|  40|0x0000000416000000, 0x0000000416000000, 0x0000000416800000|  0%| F|  |TAMS 0x0000000416000000, 0x0000000416000000| Untracked 
|  41|0x0000000416800000, 0x0000000416800000, 0x0000000417000000|  0%| F|  |TAMS 0x0000000416800000, 0x0000000416800000| Untracked 
|  42|0x0000000417000000, 0x0000000417000000, 0x0000000417800000|  0%| F|  |TAMS 0x0000000417000000, 0x0000000417000000| Untracked 
|  43|0x0000000417800000, 0x0000000417800000, 0x0000000418000000|  0%| F|  |TAMS 0x0000000417800000, 0x0000000417800000| Untracked 
|  44|0x0000000418000000, 0x0000000418000000, 0x0000000418800000|  0%| F|  |TAMS 0x0000000418000000, 0x0000000418000000| Untracked 
|  45|0x0000000418800000, 0x0000000418800000, 0x0000000419000000|  0%| F|  |TAMS 0x0000000418800000, 0x0000000418800000| Untracked 
|  46|0x0000000419000000, 0x0000000419000000, 0x0000000419800000|  0%| F|  |TAMS 0x0000000419000000, 0x0000000419000000| Untracked 
|  47|0x0000000419800000, 0x0000000419800000, 0x000000041a000000|  0%| F|  |TAMS 0x0000000419800000, 0x0000000419800000| Untracked 
|  48|0x000000041a000000, 0x000000041a000000, 0x000000041a800000|  0%| F|  |TAMS 0x000000041a000000, 0x000000041a000000| Untracked 
|  49|0x000000041a800000, 0x000000041a800000, 0x000000041b000000|  0%| F|  |TAMS 0x000000041a800000, 0x000000041a800000| Untracked 
|  50|0x000000041b000000, 0x000000041b000000, 0x000000041b800000|  0%| F|  |TAMS 0x000000041b000000, 0x000000041b000000| Untracked 
|  51|0x000000041b800000, 0x000000041b800000, 0x000000041c000000|  0%| F|  |TAMS 0x000000041b800000, 0x000000041b800000| Untracked 
|  52|0x000000041c000000, 0x000000041c000000, 0x000000041c800000|  0%| F|  |TAMS 0x000000041c000000, 0x000000041c000000| Untracked 
|  53|0x000000041c800000, 0x000000041c800000, 0x000000041d000000|  0%| F|  |TAMS 0x000000041c800000, 0x000000041c800000| Untracked 
|  54|0x000000041d000000, 0x000000041d000000, 0x000000041d800000|  0%| F|  |TAMS 0x000000041d000000, 0x000000041d000000| Untracked 
|  55|0x000000041d800000, 0x000000041d800000, 0x000000041e000000|  0%| F|  |TAMS 0x000000041d800000, 0x000000041d800000| Untracked 
|  56|0x000000041e000000, 0x000000041e000000, 0x000000041e800000|  0%| F|  |TAMS 0x000000041e000000, 0x000000041e000000| Untracked 
|  57|0x000000041e800000, 0x000000041e800000, 0x000000041f000000|  0%| F|  |TAMS 0x000000041e800000, 0x000000041e800000| Untracked 
|  58|0x000000041f000000, 0x000000041f000000, 0x000000041f800000|  0%| F|  |TAMS 0x000000041f000000, 0x000000041f000000| Untracked 
|  59|0x000000041f800000, 0x000000041f800000, 0x0000000420000000|  0%| F|  |TAMS 0x000000041f800000, 0x000000041f800000| Untracked 
|  60|0x0000000420000000, 0x0000000420000000, 0x0000000420800000|  0%| F|  |TAMS 0x0000000420000000, 0x0000000420000000| Untracked 
|  61|0x0000000420800000, 0x0000000420800000, 0x0000000421000000|  0%| F|  |TAMS 0x0000000420800000, 0x0000000420800000| Untracked 
|  62|0x0000000421000000, 0x0000000421000000, 0x0000000421800000|  0%| F|  |TAMS 0x0000000421000000, 0x0000000421000000| Untracked 
|  63|0x0000000421800000, 0x0000000421800000, 0x0000000422000000|  0%| F|  |TAMS 0x0000000421800000, 0x0000000421800000| Untracked 
|  64|0x0000000422000000, 0x0000000422000000, 0x0000000422800000|  0%| F|  |TAMS 0x0000000422000000, 0x0000000422000000| Untracked 
|  65|0x0000000422800000, 0x0000000422800000, 0x0000000423000000|  0%| F|  |TAMS 0x0000000422800000, 0x0000000422800000| Untracked 
|  66|0x0000000423000000, 0x0000000423000000, 0x0000000423800000|  0%| F|  |TAMS 0x0000000423000000, 0x0000000423000000| Untracked 
|  67|0x0000000423800000, 0x0000000423800000, 0x0000000424000000|  0%| F|  |TAMS 0x0000000423800000, 0x0000000423800000| Untracked 
|  68|0x0000000424000000, 0x0000000424000000, 0x0000000424800000|  0%| F|  |TAMS 0x0000000424000000, 0x0000000424000000| Untracked 
|  69|0x0000000424800000, 0x0000000424800000, 0x0000000425000000|  0%| F|  |TAMS 0x0000000424800000, 0x0000000424800000| Untracked 
|  70|0x0000000425000000, 0x0000000425000000, 0x0000000425800000|  0%| F|  |TAMS 0x0000000425000000, 0x0000000425000000| Untracked 
|  71|0x0000000425800000, 0x0000000425800000, 0x0000000426000000|  0%| F|  |TAMS 0x0000000425800000, 0x0000000425800000| Untracked 
|  72|0x0000000426000000, 0x0000000426000000, 0x0000000426800000|  0%| F|  |TAMS 0x0000000426000000, 0x0000000426000000| Untracked 
|  73|0x0000000426800000, 0x0000000426800000, 0x0000000427000000|  0%| F|  |TAMS 0x0000000426800000, 0x0000000426800000| Untracked 
|  74|0x0000000427000000, 0x0000000427000000, 0x0000000427800000|  0%| F|  |TAMS 0x0000000427000000, 0x0000000427000000| Untracked 
|  75|0x0000000427800000, 0x0000000427800000, 0x0000000428000000|  0%| F|  |TAMS 0x0000000427800000, 0x0000000427800000| Untracked 
|  76|0x0000000428000000, 0x0000000428000000, 0x0000000428800000|  0%| F|  |TAMS 0x0000000428000000, 0x0000000428000000| Untracked 
|  77|0x0000000428800000, 0x0000000428800000, 0x0000000429000000|  0%| F|  |TAMS 0x0000000428800000, 0x0000000428800000| Untracked 
|  78|0x0000000429000000, 0x0000000429000000, 0x0000000429800000|  0%| F|  |TAMS 0x0000000429000000, 0x0000000429000000| Untracked 
|  79|0x0000000429800000, 0x0000000429800000, 0x000000042a000000|  0%| F|  |TAMS 0x0000000429800000, 0x0000000429800000| Untracked 
|  80|0x000000042a000000, 0x000000042a000000, 0x000000042a800000|  0%| F|  |TAMS 0x000000042a000000, 0x000000042a000000| Untracked 
|  81|0x000000042a800000, 0x000000042a800000, 0x000000042b000000|  0%| F|  |TAMS 0x000000042a800000, 0x000000042a800000| Untracked 
|  82|0x000000042b000000, 0x000000042b000000, 0x000000042b800000|  0%| F|  |TAMS 0x000000042b000000, 0x000000042b000000| Untracked 
|  83|0x000000042b800000, 0x000000042b800000, 0x000000042c000000|  0%| F|  |TAMS 0x000000042b800000, 0x000000042b800000| Untracked 
|  84|0x000000042c000000, 0x000000042c000000, 0x000000042c800000|  0%| F|  |TAMS 0x000000042c000000, 0x000000042c000000| Untracked 
|  85|0x000000042c800000, 0x000000042c800000, 0x000000042d000000|  0%| F|  |TAMS 0x000000042c800000, 0x000000042c800000| Untracked 
|  86|0x000000042d000000, 0x000000042d000000, 0x000000042d800000|  0%| F|  |TAMS 0x000000042d000000, 0x000000042d000000| Untracked 
|  87|0x000000042d800000, 0x000000042d800000, 0x000000042e000000|  0%| F|  |TAMS 0x000000042d800000, 0x000000042d800000| Untracked 
|  88|0x000000042e000000, 0x000000042e000000, 0x000000042e800000|  0%| F|  |TAMS 0x000000042e000000, 0x000000042e000000| Untracked 
|  89|0x000000042e800000, 0x000000042e800000, 0x000000042f000000|  0%| F|  |TAMS 0x000000042e800000, 0x000000042e800000| Untracked 
|  90|0x000000042f000000, 0x000000042f000000, 0x000000042f800000|  0%| F|  |TAMS 0x000000042f000000, 0x000000042f000000| Untracked 
|  91|0x000000042f800000, 0x000000042f800000, 0x0000000430000000|  0%| F|  |TAMS 0x000000042f800000, 0x000000042f800000| Untracked 
|  92|0x0000000430000000, 0x0000000430000000, 0x0000000430800000|  0%| F|  |TAMS 0x0000000430000000, 0x0000000430000000| Untracked 
|  93|0x0000000430800000, 0x0000000430800000, 0x0000000431000000|  0%| F|  |TAMS 0x0000000430800000, 0x0000000430800000| Untracked 
|  94|0x0000000431000000, 0x0000000431000000, 0x0000000431800000|  0%| F|  |TAMS 0x0000000431000000, 0x0000000431000000| Untracked 
|  95|0x0000000431800000, 0x0000000431800000, 0x0000000432000000|  0%| F|  |TAMS 0x0000000431800000, 0x0000000431800000| Untracked 
|  96|0x0000000432000000, 0x0000000432000000, 0x0000000432800000|  0%| F|  |TAMS 0x0000000432000000, 0x0000000432000000| Untracked 
|  97|0x0000000432800000, 0x0000000432800000, 0x0000000433000000|  0%| F|  |TAMS 0x0000000432800000, 0x0000000432800000| Untracked 
|  98|0x0000000433000000, 0x0000000433000000, 0x0000000433800000|  0%| F|  |TAMS 0x0000000433000000, 0x0000000433000000| Untracked 
|  99|0x0000000433800000, 0x0000000433800000, 0x0000000434000000|  0%| F|  |TAMS 0x0000000433800000, 0x0000000433800000| Untracked 
| 100|0x0000000434000000, 0x0000000434000000, 0x0000000434800000|  0%| F|  |TAMS 0x0000000434000000, 0x0000000434000000| Untracked 
| 101|0x0000000434800000, 0x0000000434800000, 0x0000000435000000|  0%| F|  |TAMS 0x0000000434800000, 0x0000000434800000| Untracked 
| 102|0x0000000435000000, 0x0000000435000000, 0x0000000435800000|  0%| F|  |TAMS 0x0000000435000000, 0x0000000435000000| Untracked 
| 103|0x0000000435800000, 0x0000000435800000, 0x0000000436000000|  0%| F|  |TAMS 0x0000000435800000, 0x0000000435800000| Untracked 
| 104|0x0000000436000000, 0x0000000436000000, 0x0000000436800000|  0%| F|  |TAMS 0x0000000436000000, 0x0000000436000000| Untracked 
| 105|0x0000000436800000, 0x0000000436800000, 0x0000000437000000|  0%| F|  |TAMS 0x0000000436800000, 0x0000000436800000| Untracked 
| 106|0x0000000437000000, 0x0000000437000000, 0x0000000437800000|  0%| F|  |TAMS 0x0000000437000000, 0x0000000437000000| Untracked 
| 107|0x0000000437800000, 0x0000000437800000, 0x0000000438000000|  0%| F|  |TAMS 0x0000000437800000, 0x0000000437800000| Untracked 
| 108|0x0000000438000000, 0x0000000438000000, 0x0000000438800000|  0%| F|  |TAMS 0x0000000438000000, 0x0000000438000000| Untracked 
| 109|0x0000000438800000, 0x0000000438800000, 0x0000000439000000|  0%| F|  |TAMS 0x0000000438800000, 0x0000000438800000| Untracked 
| 110|0x0000000439000000, 0x0000000439000000, 0x0000000439800000|  0%| F|  |TAMS 0x0000000439000000, 0x0000000439000000| Untracked 
| 111|0x0000000439800000, 0x0000000439800000, 0x000000043a000000|  0%| F|  |TAMS 0x0000000439800000, 0x0000000439800000| Untracked 
| 112|0x000000043a000000, 0x000000043a000000, 0x000000043a800000|  0%| F|  |TAMS 0x000000043a000000, 0x000000043a000000| Untracked 
| 113|0x000000043a800000, 0x000000043a800000, 0x000000043b000000|  0%| F|  |TAMS 0x000000043a800000, 0x000000043a800000| Untracked 
| 114|0x000000043b000000, 0x000000043b000000, 0x000000043b800000|  0%| F|  |TAMS 0x000000043b000000, 0x000000043b000000| Untracked 
| 115|0x000000043b800000, 0x000000043b800000, 0x000000043c000000|  0%| F|  |TAMS 0x000000043b800000, 0x000000043b800000| Untracked 
| 116|0x000000043c000000, 0x000000043c000000, 0x000000043c800000|  0%| F|  |TAMS 0x000000043c000000, 0x000000043c000000| Untracked 
| 117|0x000000043c800000, 0x000000043c800000, 0x000000043d000000|  0%| F|  |TAMS 0x000000043c800000, 0x000000043c800000| Untracked 
| 118|0x000000043d000000, 0x000000043d000000, 0x000000043d800000|  0%| F|  |TAMS 0x000000043d000000, 0x000000043d000000| Untracked 
| 119|0x000000043d800000, 0x000000043d800000, 0x000000043e000000|  0%| F|  |TAMS 0x000000043d800000, 0x000000043d800000| Untracked 
| 120|0x000000043e000000, 0x000000043e000000, 0x000000043e800000|  0%| F|  |TAMS 0x000000043e000000, 0x000000043e000000| Untracked 
| 121|0x000000043e800000, 0x000000043f000000, 0x000000043f000000|100%| S|CS|TAMS 0x000000043e800000, 0x000000043e800000| Complete 
| 122|0x000000043f000000, 0x000000043f000000, 0x000000043f800000|  0%| F|  |TAMS 0x000000043f000000, 0x000000043f000000| Untracked 
| 123|0x000000043f800000, 0x000000043fda9878, 0x0000000440000000| 70%| E|  |TAMS 0x000000043f800000, 0x000000043f800000| Complete 
| 124|0x0000000440000000, 0x0000000440800000, 0x0000000440800000|100%| E|CS|TAMS 0x0000000440000000, 0x0000000440000000| Complete 
| 125|0x0000000440800000, 0x0000000441000000, 0x0000000441000000|100%| E|CS|TAMS 0x0000000440800000, 0x0000000440800000| Complete 
| 126|0x0000000441000000, 0x0000000441800000, 0x0000000441800000|100%| E|CS|TAMS 0x0000000441000000, 0x0000000441000000| Complete 
| 127|0x0000000441800000, 0x0000000442000000, 0x0000000442000000|100%| E|CS|TAMS 0x0000000441800000, 0x0000000441800000| Complete 

Card table byte_map: [0x000001c9e0300000,0x000001c9e22f0000] _byte_map_base: 0x000001c9de2f0000

Marking Bits (Prev, Next): (CMBitMap*) 0x000001c9d30513b0, (CMBitMap*) 0x000001c9d30513f0
 Prev Bits: [0x000001c9e42e0000, 0x000001c9f4260000)
 Next Bits: [0x000001c980000000, 0x000001c98ff80000)

Polling page: 0x000001c9d2780000

Metaspace:

Usage:
  Non-class:     10.04 MB used.
      Class:      1.47 MB used.
       Both:     11.51 MB used.

Virtual space:
  Non-class space:       64.00 MB reserved,      10.12 MB ( 16%) committed,  1 nodes.
      Class space:        1.00 GB reserved,       1.62 MB ( <1%) committed,  1 nodes.
             Both:        1.06 GB reserved,      11.75 MB (  1%) committed. 

Chunk freelists:
   Non-Class:  5.23 MB
       Class:  14.30 MB
        Both:  19.53 MB

MaxMetaspaceSize: unlimited
CompressedClassSpaceSize: 1.00 GB
Initial GC threshold: 21.00 MB
Current GC threshold: 21.00 MB
CDS: on
MetaspaceReclaimPolicy: balanced
 - commit_granule_bytes: 65536.
 - commit_granule_words: 8192.
 - virtual_space_node_default_size: 8388608.
 - enlarge_chunks_in_place: 1.
 - new_chunks_are_fully_committed: 0.
 - uncommit_free_chunks: 1.
 - use_allocation_guard: 0.
 - handle_deallocations: 1.


Internal statistics:

num_allocs_failed_limit: 0.
num_arena_births: 252.
num_arena_deaths: 0.
num_vsnodes_births: 2.
num_vsnodes_deaths: 0.
num_space_committed: 188.
num_space_uncommitted: 0.
num_chunks_returned_to_freelist: 0.
num_chunks_taken_from_freelist: 518.
num_chunk_merges: 0.
num_chunk_splits: 324.
num_chunks_enlarged: 198.
num_inconsistent_stats: 0.

CodeCache: size=49152Kb used=7234Kb max_used=7234Kb free=41917Kb
 bounds [0x000001c9daab0000, 0x000001c9db1d0000, 0x000001c9ddab0000]
 total_blobs=2402 nmethods=1929 adapters=395
 compilation: enabled
              stopped_count=0, restarted_count=0
 full_count=0

Compilation events (20 events):
Event: 1.267 Thread 0x000001c9f737b770 nmethod 1914 0x000001c9db1acf10 code [0x000001c9db1ad1c0, 0x000001c9db1ada48]
Event: 1.267 Thread 0x000001c9f737b770 1922   !   1       java.lang.invoke.InnerClassLambdaMetafactory::buildCallSite (201 bytes)
Event: 1.267 Thread 0x000001c9f7375d70 nmethod 1921 0x000001c9db1adf90 code [0x000001c9db1ae140, 0x000001c9db1ae2e8]
Event: 1.267 Thread 0x000001c9f7375d70 1923       1       java.lang.invoke.InnerClassLambdaMetafactory::spinInnerClass (118 bytes)
Event: 1.267 Thread 0x000001c9f728e140 nmethod 1920 0x000001c9db1ae410 code [0x000001c9db1ae700, 0x000001c9db1af718]
Event: 1.267 Thread 0x000001c9f728e140 1924       1       java.lang.invoke.LambdaProxyClassArchive::find (63 bytes)
Event: 1.268 Thread 0x000001c9f737fd50 nmethod 1912 0x000001c9db1b0010 code [0x000001c9db1b0300, 0x000001c9db1b14d8]
Event: 1.268 Thread 0x000001c9f7375d70 nmethod 1923 0x000001c9db1b1e10 code [0x000001c9db1b1fc0, 0x000001c9db1b2178]
Event: 1.268 Thread 0x000001c9f7375d70 1926       1       jdk.internal.misc.CDS::isSharingEnabled (4 bytes)
Event: 1.268 Thread 0x000001c9f737fd50 1925       1       java.lang.invoke.LambdaProxyClassArchive::loadedByBuiltinLoader (22 bytes)
Event: 1.268 Thread 0x000001c9f7375d70 nmethod 1926 0x000001c9db1b2210 code [0x000001c9db1b23a0, 0x000001c9db1b2458]
Event: 1.268 Thread 0x000001c9f7375d70 1927       1       java.lang.invoke.LambdaMetafactory::metafactory (71 bytes)
Event: 1.268 Thread 0x000001c9f728e140 nmethod 1924 0x000001c9db1b2510 code [0x000001c9db1b26e0, 0x000001c9db1b29b8]
Event: 1.268 Thread 0x000001c9f7375d70 nmethod 1927 0x000001c9db1b2c10 code [0x000001c9db1b2e60, 0x000001c9db1b3468]
Event: 1.268 Thread 0x000001c9f737fd50 nmethod 1925 0x000001c9db1b3810 code [0x000001c9db1b39c0, 0x000001c9db1b3c78]
Event: 1.268 Thread 0x000001c9f7375d70 1929       1       jdk.internal.org.objectweb.asm.FieldWriter::visitEnd (1 bytes)
Event: 1.268 Thread 0x000001c9f7375d70 nmethod 1929 0x000001c9db1b3e90 code [0x000001c9db1b4020, 0x000001c9db1b40d8]
Event: 1.269 Thread 0x000001c9f737b770 nmethod 1922 0x000001c9db1b4190 code [0x000001c9db1b44e0, 0x000001c9db1b5418]
Event: 1.269 Thread 0x000001c9f7384330 nmethod 1913 0x000001c9db1b6010 code [0x000001c9db1b6640, 0x000001c9db1b9248]
Event: 1.270 Thread 0x000001c9f7282cb0 nmethod 1918 0x000001c9db1ba990 code [0x000001c9db1bb060, 0x000001c9db1bea88]

GC Heap History (2 events):
Event: 0.969 GC heap before
{Heap before GC invocations=0 (full 0):
 garbage-first heap   total 1048576K, used 49152K [0x0000000402000000, 0x0000000800000000)
  region size 8192K, 6 young (49152K), 0 survivors (0K)
 Metaspace       used 8703K, committed 8896K, reserved 1114112K
  class space    used 1032K, committed 1088K, reserved 1048576K
}
Event: 0.974 GC heap after
{Heap after GC invocations=1 (full 0):
 garbage-first heap   total 1048576K, used 8599K [0x0000000402000000, 0x0000000800000000)
  region size 8192K, 1 young (8192K), 1 survivors (8192K)
 Metaspace       used 8703K, committed 8896K, reserved 1114112K
  class space    used 1032K, committed 1088K, reserved 1048576K
}

Dll operation events (11 events):
Event: 0.098 Loaded shared library C:\pleiades\2023-09\java\17\bin\java.dll
Event: 0.131 Loaded shared library C:\pleiades\2023-09\java\17\bin\jsvml.dll
Event: 0.294 Loaded shared library C:\pleiades\2023-09\java\17\bin\zip.dll
Event: 0.298 Loaded shared library C:\pleiades\2023-09\java\17\bin\instrument.dll
Event: 0.320 Loaded shared library C:\pleiades\2023-09\java\17\bin\net.dll
Event: 0.338 Loaded shared library C:\pleiades\2023-09\java\17\bin\nio.dll
Event: 0.341 Loaded shared library C:\pleiades\2023-09\java\17\bin\zip.dll
Event: 0.431 Loaded shared library C:\pleiades\2023-09\java\17\bin\jimage.dll
Event: 0.476 Loaded shared library C:\pleiades\2023-09\java\17\bin\management.dll
Event: 0.497 Loaded shared library C:\pleiades\2023-09\java\17\bin\management_ext.dll
Event: 0.620 Loaded shared library C:\pleiades\2023-09\java\17\bin\verify.dll

Deoptimization events (20 events):
Event: 1.055 Thread 0x000001ca3da4dde0 DEOPT PACKING pc=0x000001c9db0a45fc sp=0x000000beb29fc7b0
Event: 1.055 Thread 0x000001ca3da4dde0 DEOPT UNPACKING pc=0x000001c9dab0ace3 sp=0x000000beb29fbc68 mode 1
Event: 1.055 Thread 0x000001ca3da4dde0 DEOPT PACKING pc=0x000001c9db07dedc sp=0x000000beb29fd1a0
Event: 1.055 Thread 0x000001ca3da4dde0 DEOPT UNPACKING pc=0x000001c9dab0ace3 sp=0x000000beb29fc690 mode 1
Event: 1.055 Thread 0x000001ca3da4dde0 DEOPT PACKING pc=0x000001c9db0a45fc sp=0x000000beb29fd310
Event: 1.055 Thread 0x000001ca3da4dde0 DEOPT UNPACKING pc=0x000001c9dab0ace3 sp=0x000000beb29fc7c8 mode 1
Event: 1.055 Thread 0x000001ca3da4dde0 DEOPT PACKING pc=0x000001c9db07dedc sp=0x000000beb29fdd00
Event: 1.055 Thread 0x000001ca3da4dde0 DEOPT UNPACKING pc=0x000001c9dab0ace3 sp=0x000000beb29fd1f0 mode 1
Event: 1.116 Thread 0x000001ca3da4dde0 DEOPT PACKING pc=0x000001c9db0b5ae4 sp=0x000000beb29fcd90
Event: 1.116 Thread 0x000001ca3da4dde0 DEOPT UNPACKING pc=0x000001c9dab0ace3 sp=0x000000beb29fc228 mode 1
Event: 1.116 Thread 0x000001ca3da4dde0 DEOPT PACKING pc=0x000001c9db0a45fc sp=0x000000beb29fce60
Event: 1.116 Thread 0x000001ca3da4dde0 DEOPT UNPACKING pc=0x000001c9dab0ace3 sp=0x000000beb29fc318 mode 1
Event: 1.116 Thread 0x000001ca3da4dde0 DEOPT PACKING pc=0x000001c9db07dedc sp=0x000000beb29fd850
Event: 1.116 Thread 0x000001ca3da4dde0 DEOPT UNPACKING pc=0x000001c9dab0ace3 sp=0x000000beb29fcd40 mode 1
Event: 1.116 Thread 0x000001ca3da4dde0 DEOPT PACKING pc=0x000001c9db0b5ae4 sp=0x000000beb29fcd90
Event: 1.116 Thread 0x000001ca3da4dde0 DEOPT UNPACKING pc=0x000001c9dab0ace3 sp=0x000000beb29fc228 mode 1
Event: 1.117 Thread 0x000001ca3da4dde0 DEOPT PACKING pc=0x000001c9db0a45fc sp=0x000000beb29fce60
Event: 1.117 Thread 0x000001ca3da4dde0 DEOPT UNPACKING pc=0x000001c9dab0ace3 sp=0x000000beb29fc318 mode 1
Event: 1.117 Thread 0x000001ca3da4dde0 DEOPT PACKING pc=0x000001c9db07dedc sp=0x000000beb29fd850
Event: 1.117 Thread 0x000001ca3da4dde0 DEOPT UNPACKING pc=0x000001c9dab0ace3 sp=0x000000beb29fcd40 mode 1

Classes unloaded (0 events):
No events

Classes redefined (0 events):
No events

Internal exceptions (20 events):
Event: 0.981 Thread 0x000001c9d2fe35e0 Exception <a 'java/lang/NoSuchMethodError'{0x000000044189d4d8}: 'java.lang.Object java.lang.invoke.DirectMethodHandle$Holder.invokeInterface(java.lang.Object, java.lang.Object)'> (0x000000044189d4d8) 
thrown [s\src\hotspot\share\interpreter\linkResolver.cpp, line 759]
Event: 0.984 Thread 0x000001ca3da4ed10 Exception <a 'java/lang/NoSuchMethodError'{0x0000000441b86778}: 'java.lang.Object java.lang.invoke.Invokers$Holder.linkToTargetMethod(java.lang.Object, long, java.lang.Object)'> (0x0000000441b86778) 
thrown [s\src\hotspot\share\interpreter\linkResolver.cpp, line 759]
Event: 0.984 Thread 0x000001ca3d9c2bf0 Exception <a 'java/lang/ClassNotFoundException'{0x0000000441919fd0}: javax/management/remote/rmi/RMIConnectionImpl_Skel> (0x0000000441919fd0) 
thrown [s\src\hotspot\share\classfile\systemDictionary.cpp, line 256]
Event: 0.986 Thread 0x000001c9d2fe35e0 Exception <a 'java/lang/NoSuchMethodError'{0x0000000441ae1020}: 'java.lang.Object java.lang.invoke.DirectMethodHandle$Holder.invokeSpecialIFC(java.lang.Object, java.lang.Object, java.lang.Object, java.lang.Object)'> (0x0000000441ae1020) 
thrown [s\src\hotspot\share\interpreter\linkResolver.cpp, line 759]
Event: 0.988 Thread 0x000001c9d2fe35e0 Exception <a 'java/lang/NoSuchMethodError'{0x0000000441c21650}: 'java.lang.Object java.lang.invoke.DirectMethodHandle$Holder.invokeInterface(java.lang.Object, java.lang.Object, java.lang.Object)'> (0x0000000441c21650) 
thrown [s\src\hotspot\share\interpreter\linkResolver.cpp, line 759]
Event: 0.989 Thread 0x000001ca3d9c2bf0 Exception <a 'java/lang/reflect/InvocationTargetException'{0x00000004419533d8}> (0x00000004419533d8) 
thrown [s\src\hotspot\share\runtime\reflection.cpp, line 1121]
Event: 0.992 Thread 0x000001ca3d9c2bf0 Exception <a 'java/lang/NoSuchMethodError'{0x0000000441d1d2d8}: static [Ljava/lang/StackTraceElement;.<clinit>()V> (0x0000000441d1d2d8) 
thrown [s\src\hotspot\share\prims\jni.cpp, line 1107]
Event: 1.057 Thread 0x000001ca3da4dde0 Exception <a 'java/lang/NoSuchMethodError'{0x000000044169f038}: 'int java.lang.invoke.DirectMethodHandle$Holder.invokeStaticInit(java.lang.Object, java.lang.Object, java.lang.Object)'> (0x000000044169f038) 
thrown [s\src\hotspot\share\interpreter\linkResolver.cpp, line 759]
Event: 1.060 Thread 0x000001ca3da4dde0 Exception <a 'java/lang/NoSuchMethodError'{0x00000004416f4048}: 'java.lang.Object java.lang.invoke.DirectMethodHandle$Holder.invokeVirtual(java.lang.Object, java.lang.Object, java.lang.Object)'> (0x00000004416f4048) 
thrown [s\src\hotspot\share\interpreter\linkResolver.cpp, line 759]
Event: 1.063 Thread 0x000001ca3da4dde0 Exception <a 'java/lang/NoSuchMethodError'{0x0000000441769600}: 'java.lang.Object java.lang.invoke.DirectMethodHandle$Holder.newInvokeSpecial(java.lang.Object, java.lang.Object, java.lang.Object, java.lang.Object, java.lang.Object)'> (0x0000000441769600) 
thrown [s\src\hotspot\share\interpreter\linkResolver.cpp, line 759]
Event: 1.067 Thread 0x000001ca3da4dde0 Exception <a 'java/lang/NoSuchMethodError'{0x000000044081b280}: 'java.lang.Object java.lang.invoke.DirectMethodHandle$Holder.invokeStaticInit(java.lang.Object, java.lang.Object, java.lang.Object)'> (0x000000044081b280) 
thrown [s\src\hotspot\share\interpreter\linkResolver.cpp, line 759]
Event: 1.078 Thread 0x000001ca3da4dde0 Exception <a 'java/lang/IncompatibleClassChangeError'{0x0000000440959308}: Found class java.lang.Object, but interface was expected> (0x0000000440959308) 
thrown [s\src\hotspot\share\interpreter\linkResolver.cpp, line 826]
Event: 1.089 Thread 0x000001ca3da4dde0 Exception <a 'sun/nio/fs/WindowsException'{0x0000000440aa38e8}> (0x0000000440aa38e8) 
thrown [s\src\hotspot\share\prims\jni.cpp, line 516]
Event: 1.207 Thread 0x000001ca3da4dde0 Exception <a 'java/lang/NoSuchMethodError'{0x000000043f8158c8}: 'java.lang.Object java.lang.invoke.DirectMethodHandle$Holder.newInvokeSpecial(java.lang.Object, java.lang.Object, java.lang.Object, java.lang.Object, java.lang.Object, java.lang.Object, java.lang.Object)'> (0x000000043f8158c8) 
thrown [s\src\hotspot\share\interpreter\linkResolver.cpp, line 759]
Event: 1.208 Thread 0x000001ca3da4dde0 Exception <a 'java/lang/NoSuchMethodError'{0x000000043f81a288}: 'java.lang.Object java.lang.invoke.Invokers$Holder.linkToTargetMethod(java.lang.Object, java.lang.Object, java.lang.Object, java.lang.Object, java.lang.Object, java.lang.Object, java.lang.Object)'> (0x000000043f81a288) 
thrown [s\src\hotspot\share\interpreter\linkResolver.cpp, line 759]
Event: 1.214 Thread 0x000001ca3da4dde0 Exception <a 'java/lang/NoSuchMethodError'{0x000000043f8dd1a8}: 'int java.lang.invoke.DirectMethodHandle$Holder.invokeStatic(java.lang.Object, java.lang.Object, java.lang.Object, java.lang.Object)'> (0x000000043f8dd1a8) 
thrown [s\src\hotspot\share\interpreter\linkResolver.cpp, line 759]
Event: 1.214 Thread 0x000001ca3da4dde0 Exception <a 'java/lang/NoSuchMethodError'{0x000000043f8e0b28}: 'java.lang.Object java.lang.invoke.Invokers$Holder.invokeExact_MT(java.lang.Object, java.lang.Object, java.lang.Object, java.lang.Object, java.lang.Object, java.lang.Object)'> (0x000000043f8e0b28) 
thrown [s\src\hotspot\share\interpreter\linkResolver.cpp, line 759]
Event: 1.225 Thread 0x000001ca3da4dde0 Exception <a 'java/lang/NoSuchMethodError'{0x000000043f98dfb8}: 'java.lang.Object java.lang.invoke.DirectMethodHandle$Holder.invokeSpecial(java.lang.Object, java.lang.Object, java.lang.Object, java.lang.Object, java.lang.Object, java.lang.Object, int)'> (0x000000043f98dfb8) 
thrown [s\src\hotspot\share\interpreter\linkResolver.cpp, line 759]
Event: 1.225 Thread 0x000001ca3da4dde0 Exception <a 'java/lang/NoSuchMethodError'{0x000000043f998520}: 'java.lang.Object java.lang.invoke.DirectMethodHandle$Holder.newInvokeSpecial(java.lang.Object, java.lang.Object, java.lang.Object, java.lang.Object, java.lang.Object, java.lang.Object, int)'> (0x000000043f998520) 
thrown [s\src\hotspot\share\interpreter\linkResolver.cpp, line 759]
Event: 1.225 Thread 0x000001ca3da4dde0 Exception <a 'java/lang/NoSuchMethodError'{0x000000043f99d560}: 'java.lang.Object java.lang.invoke.DirectMethodHandle$Holder.invokeSpecial(java.lang.Object, java.lang.Object, java.lang.Object, java.lang.Object, java.lang.Object, java.lang.Object, java.lang.Object, int)'> (0x000000043f99d560) 
thrown [s\src\hotspot\share\interpreter\linkResolver.cpp, line 759]

VM Operations (20 events):
Event: 0.502 Executing VM operation: HandshakeAllThreads
Event: 0.502 Executing VM operation: HandshakeAllThreads done
Event: 0.574 Executing VM operation: HandshakeAllThreads
Event: 0.574 Executing VM operation: HandshakeAllThreads done
Event: 0.586 Executing VM operation: HandshakeAllThreads
Event: 0.586 Executing VM operation: HandshakeAllThreads done
Event: 0.747 Executing VM operation: HandshakeAllThreads
Event: 0.747 Executing VM operation: HandshakeAllThreads done
Event: 0.808 Executing VM operation: HandshakeAllThreads
Event: 0.808 Executing VM operation: HandshakeAllThreads done
Event: 0.811 Executing VM operation: HandshakeAllThreads
Event: 0.811 Executing VM operation: HandshakeAllThreads done
Event: 0.969 Executing VM operation: G1CollectForAllocation
Event: 0.974 Executing VM operation: G1CollectForAllocation done
Event: 0.983 Executing VM operation: HandshakeAllThreads
Event: 0.983 Executing VM operation: HandshakeAllThreads done
Event: 1.090 Executing VM operation: HandshakeAllThreads
Event: 1.090 Executing VM operation: HandshakeAllThreads done
Event: 1.261 Executing VM operation: HandshakeAllThreads
Event: 1.261 Executing VM operation: HandshakeAllThreads done

Events (20 events):
Event: 1.224 loading class java/util/stream/StreamSpliterators$AbstractWrappingSpliterator done
Event: 1.224 loading class java/util/stream/StreamSpliterators$WrappingSpliterator done
Event: 1.224 loading class java/util/stream/StreamSpliterators
Event: 1.224 loading class java/util/stream/StreamSpliterators done
Event: 1.224 loading class java/util/function/BooleanSupplier
Event: 1.224 loading class java/util/function/BooleanSupplier done
Event: 1.255 loading class java/net/URLClassLoader$2
Event: 1.255 loading class java/net/URLClassLoader$2 done
Event: 1.261 loading class java/io/LineNumberReader
Event: 1.261 loading class java/io/LineNumberReader done
Event: 1.261 loading class sun/net/ProgressMonitor
Event: 1.261 loading class sun/net/ProgressMonitor done
Event: 1.261 loading class sun/net/DefaultProgressMeteringPolicy
Event: 1.261 loading class sun/net/ProgressMeteringPolicy
Event: 1.261 loading class sun/net/ProgressMeteringPolicy done
Event: 1.262 loading class sun/net/DefaultProgressMeteringPolicy done
Event: 1.262 loading class sun/nio/cs/ISO_8859_1$Decoder
Event: 1.262 loading class sun/nio/cs/ISO_8859_1$Decoder done
Event: 1.267 loading class java/util/stream/MatchOps$1MatchSink
Event: 1.267 loading class java/util/stream/MatchOps$1MatchSink done


Dynamic libraries:
0x00007ff627940000 - 0x00007ff62794e000 	C:\pleiades\2023-09\java\17\bin\javaw.exe
0x00007ff8288d0000 - 0x00007ff828ae7000 	C:\WINDOWS\SYSTEM32\ntdll.dll
0x00007ff827920000 - 0x00007ff8279e4000 	C:\WINDOWS\System32\KERNEL32.DLL
0x00007ff826280000 - 0x00007ff826627000 	C:\WINDOWS\System32\KERNELBASE.dll
0x00007ff825c50000 - 0x00007ff825d61000 	C:\WINDOWS\System32\ucrtbase.dll
0x00007ff81e6d0000 - 0x00007ff81e6e9000 	C:\pleiades\2023-09\java\17\bin\VCRUNTIME140.dll
0x00007ff818220000 - 0x00007ff818237000 	C:\pleiades\2023-09\java\17\bin\jli.dll
0x00007ff827c10000 - 0x00007ff827dbe000 	C:\WINDOWS\System32\USER32.dll
0x00007ff819570000 - 0x00007ff819803000 	C:\WINDOWS\WinSxS\amd64_microsoft.windows.common-controls_6595b64144ccf1df_6.0.22621.2506_none_270c5ae97388e100\COMCTL32.dll
0x00007ff825de0000 - 0x00007ff825e06000 	C:\WINDOWS\System32\win32u.dll
0x00007ff8271e0000 - 0x00007ff827287000 	C:\WINDOWS\System32\msvcrt.dll
0x00007ff827ad0000 - 0x00007ff827af9000 	C:\WINDOWS\System32\GDI32.dll
0x00007ff825f30000 - 0x00007ff826049000 	C:\WINDOWS\System32\gdi32full.dll
0x00007ff825e10000 - 0x00007ff825eaa000 	C:\WINDOWS\System32\msvcp_win.dll
0x00007ff8277c0000 - 0x00007ff8277f1000 	C:\WINDOWS\System32\IMM32.DLL
0x00007ff8211e0000 - 0x00007ff8211ec000 	C:\pleiades\2023-09\java\17\bin\vcruntime140_1.dll
0x00007ffff3090000 - 0x00007ffff3121000 	C:\pleiades\2023-09\java\17\bin\msvcp140.dll
0x00007ffeecb50000 - 0x00007ffeed79c000 	C:\pleiades\2023-09\java\17\bin\server\jvm.dll
0x00007ff827dc0000 - 0x00007ff827e70000 	C:\WINDOWS\System32\ADVAPI32.dll
0x00007ff827030000 - 0x00007ff8270d6000 	C:\WINDOWS\System32\sechost.dll
0x00007ff826f10000 - 0x00007ff827027000 	C:\WINDOWS\System32\RPCRT4.dll
0x00007ff816960000 - 0x00007ff816994000 	C:\WINDOWS\SYSTEM32\WINMM.dll
0x00007ff81cfe0000 - 0x00007ff81cfea000 	C:\WINDOWS\SYSTEM32\VERSION.dll
0x00007ff8211c0000 - 0x00007ff8211c9000 	C:\WINDOWS\SYSTEM32\WSOCK32.dll
0x00007ff825470000 - 0x00007ff8254bd000 	C:\WINDOWS\SYSTEM32\POWRPROF.dll
0x00007ff8273b0000 - 0x00007ff827421000 	C:\WINDOWS\System32\WS2_32.dll
0x00007ff825440000 - 0x00007ff825453000 	C:\WINDOWS\SYSTEM32\UMPDC.dll
0x00007ff824bb0000 - 0x00007ff824bc8000 	C:\WINDOWS\SYSTEM32\kernel.appcore.dll
0x00007ff8207e0000 - 0x00007ff8207ea000 	C:\pleiades\2023-09\java\17\bin\jimage.dll
0x00007ff8235f0000 - 0x00007ff823823000 	C:\WINDOWS\SYSTEM32\DBGHELP.DLL
0x00007ff827430000 - 0x00007ff8277b9000 	C:\WINDOWS\System32\combase.dll
0x00007ff8279f0000 - 0x00007ff827ac7000 	C:\WINDOWS\System32\OLEAUT32.dll
0x00007ff816080000 - 0x00007ff8160b2000 	C:\WINDOWS\SYSTEM32\dbgcore.DLL
0x00007ff825eb0000 - 0x00007ff825f2a000 	C:\WINDOWS\System32\bcryptPrimitives.dll
0x00007ff809a10000 - 0x00007ff809a4b000 	C:\pleiades\2023-09\java\17\bin\jdwp.dll
0x00007ff818140000 - 0x00007ff81814e000 	C:\pleiades\2023-09\java\17\bin\instrument.dll
0x00007ff812d40000 - 0x00007ff812d65000 	C:\pleiades\2023-09\java\17\bin\java.dll
0x00007ffff1ab0000 - 0x00007ffff1b86000 	C:\pleiades\2023-09\java\17\bin\jsvml.dll
0x00007ff826630000 - 0x00007ff826e89000 	C:\WINDOWS\System32\SHELL32.dll
0x00007ff823af0000 - 0x00007ff8243e4000 	C:\WINDOWS\SYSTEM32\windows.storage.dll
0x00007ff8239b0000 - 0x00007ff823aee000 	C:\WINDOWS\SYSTEM32\wintypes.dll
0x00007ff827800000 - 0x00007ff8278f3000 	C:\WINDOWS\System32\SHCORE.dll
0x00007ff827b10000 - 0x00007ff827b6e000 	C:\WINDOWS\System32\shlwapi.dll
0x00007ff825b80000 - 0x00007ff825ba6000 	C:\WINDOWS\SYSTEM32\profapi.dll
0x00007ff818130000 - 0x00007ff81813c000 	C:\pleiades\2023-09\java\17\bin\dt_socket.dll
0x00007ff824650000 - 0x00007ff82467d000 	C:\WINDOWS\SYSTEM32\IPHLPAPI.DLL
0x00007ff825080000 - 0x00007ff8250e9000 	C:\WINDOWS\system32\mswsock.dll
0x00007ff8246c0000 - 0x00007ff8247b9000 	C:\WINDOWS\SYSTEM32\DNSAPI.dll
0x00007ff828340000 - 0x00007ff828349000 	C:\WINDOWS\System32\NSI.dll
0x00007ff81faa0000 - 0x00007ff81faaa000 	C:\Windows\System32\rasadhlp.dll
0x00007ff81e1b0000 - 0x00007ff81e233000 	C:\WINDOWS\System32\fwpuclnt.dll
0x00007ff8125b0000 - 0x00007ff8125c8000 	C:\pleiades\2023-09\java\17\bin\zip.dll
0x00007ff8122c0000 - 0x00007ff8122d9000 	C:\pleiades\2023-09\java\17\bin\net.dll
0x00007ff81f260000 - 0x00007ff81f397000 	C:\WINDOWS\SYSTEM32\WINHTTP.dll
0x00007ff812290000 - 0x00007ff8122a5000 	C:\pleiades\2023-09\java\17\bin\nio.dll
0x00007ff818120000 - 0x00007ff818129000 	C:\pleiades\2023-09\java\17\bin\management.dll
0x00007ff816130000 - 0x00007ff81613b000 	C:\pleiades\2023-09\java\17\bin\management_ext.dll
0x00007ff827c00000 - 0x00007ff827c08000 	C:\WINDOWS\System32\PSAPI.DLL
0x00007ff8189e0000 - 0x00007ff8189f7000 	C:\WINDOWS\system32\napinsp.dll
0x00007ffffa950000 - 0x00007ffffa96b000 	C:\WINDOWS\system32\pnrpnsp.dll
0x00007ffffa790000 - 0x00007ffffa7a1000 	C:\WINDOWS\System32\winrnr.dll
0x00007ff81f450000 - 0x00007ff81f465000 	C:\WINDOWS\system32\wshbth.dll
0x00007ffffa760000 - 0x00007ffffa781000 	C:\WINDOWS\system32\nlansp_c.dll
0x00007ff812c50000 - 0x00007ff812c60000 	C:\pleiades\2023-09\java\17\bin\verify.dll
0x00007ff8254c0000 - 0x00007ff8254db000 	C:\WINDOWS\SYSTEM32\CRYPTSP.dll
0x00007ff824b70000 - 0x00007ff824ba5000 	C:\WINDOWS\system32\rsaenh.dll
0x00007ff825120000 - 0x00007ff82514c000 	C:\WINDOWS\SYSTEM32\USERENV.dll
0x00007ff825600000 - 0x00007ff825628000 	C:\WINDOWS\SYSTEM32\bcrypt.dll
0x00007ff825430000 - 0x00007ff82543c000 	C:\WINDOWS\SYSTEM32\CRYPTBASE.dll
0x00007ff81f190000 - 0x00007ff81f1a9000 	C:\WINDOWS\SYSTEM32\dhcpcsvc6.DLL
0x00007ff81f170000 - 0x00007ff81f18f000 	C:\WINDOWS\SYSTEM32\dhcpcsvc.DLL

dbghelp: loaded successfully - version: 4.0.5 - missing functions: none
symbol engine: initialized successfully - sym options: 0x614 - pdb path: .;C:\pleiades\2023-09\java\17\bin;C:\WINDOWS\SYSTEM32;C:\WINDOWS\WinSxS\amd64_microsoft.windows.common-controls_6595b64144ccf1df_6.0.22621.2506_none_270c5ae97388e100;C:\pleiades\2023-09\java\17\bin\server

VM Arguments:
jvm_args: -XX:+ShowCodeDetailsInExceptionMessages -agentlib:jdwp=transport=dt_socket,suspend=y,address=localhost:63170 -Dcom.sun.management.jmxremote -Dcom.sun.management.jmxremote.port=63169 -Dcom.sun.management.jmxremote.authenticate=false -Dcom.sun.management.jmxremote.ssl=false -Djava.rmi.server.hostname=localhost -Dspring.jmx.enabled=true -Dmanagement.endpoints.jmx.exposure.include=* -Dspring.application.admin.enabled=true -XX:TieredStopAtLevel=1 -Dspring.boot.project.name=demo -javaagent:C:\pleiades\2023-09\eclipse\configuration\org.eclipse.osgi\308\0\.cp\lib\javaagent-shaded.jar -Dfile.encoding=UTF-8 -Dstdout.encoding=UTF-8 -Dstderr.encoding=UTF-8 
java_command: com.example.demo.DemoApplication --spring.output.ansi.enabled=always
java_class_path (initial): C:\Users\gmaki\Documents\demo\bin\main;C:\Users\gmaki\Documents\demo\bin\default;C:\Users\gmaki\.gradle\caches\modules-2\files-2.1\org.projectlombok\lombok\1.18.30\f195ee86e6c896ea47a1d39defbe20eb59cd149d\lombok-1.18.30.jar;C:\Users\gmaki\.gradle\caches\modules-2\files-2.1\org.springframework.boot\spring-boot-starter-data-jpa\3.1.5\5fdcfab1fe9d6dddf4352d71f5ed879eb1aa92c2\spring-boot-starter-data-jpa-3.1.5.jar;C:\Users\gmaki\.gradle\caches\modules-2\files-2.1\org.springframework.boot\spring-boot-starter-jdbc\3.1.5\138c0e0ab493d8a51bb51dfc3b7144d702ff4c26\spring-boot-starter-jdbc-3.1.5.jar;C:\Users\gmaki\.gradle\caches\modules-2\files-2.1\org.springframework.boot\spring-boot-starter-thymeleaf\3.1.5\3d5f1bff03e5e58b065ca230b7ee24b84bf7fe75\spring-boot-starter-thymeleaf-3.1.5.jar;C:\Users\gmaki\.gradle\caches\modules-2\files-2.1\org.springframework.boot\spring-boot-starter-validation\3.1.5\f653e6661ec3da08003789f4a6583d1674e333b1\spring-boot-starter-validation-3.1.5.jar;C:\Users\gmaki\.gradle\caches\modules-2\files-2.1\org.springframework.boot\spring-boot-starter-web\3.1.5\3674e5603cc25bc4dccf73b97d50234332fc3d72\spring-boot-starter-web-3.1.5.jar;C:\Users\gmaki\.gradle\caches\modules-2\files-2.1\nz.net.ultraq.thymeleaf\thymeleaf-layout-dialect\3.2.1\526f2e950a4d67ea49198f9ea5b4ec303ed002c2\thymeleaf-layout-dialect-3.2.1.jar;C:\Users\gmaki\.gradle\caches\modules-2\files-2.1\org.springframework.security\spring-security-core\6.1.5\bc6fe788306b296c210db471a02d7d8f2ea4e7cd\spring-security-core-6.1.5.jar;C:\Users\gmaki\.gradle\caches\modules-2\files-2.1\org.springframework.boot\spring-boot-starter-aop\3.1.5\2ac1f8bf4c2bce13b46d04abafc69a4f1523a08\spring-boot-starter-aop-3.1.5.jar;C:\Users\gmaki\.gradle\caches\modules-2\files-2.1\org.springframework.boot\spring-boot-starter-json\3.1.5\36ce79c1a5c63ffd72b092eb312cb35ac6edb128\spring-boot-starter-json-3.1.5.jar;C:\Users\gmaki\.gradle\caches\modules-2\files-2.1\org.springframework.boot\spring-boot-st
Launcher Type: SUN_STANDARD

[Global flags]
     intx CICompilerCount                          = 12                                        {product} {ergonomic}
     uint ConcGCThreads                            = 3                                         {product} {ergonomic}
     uint G1ConcRefinementThreads                  = 13                                        {product} {ergonomic}
   size_t G1HeapRegionSize                         = 8388608                                   {product} {ergonomic}
    uintx GCDrainStackTargetSize                   = 64                                        {product} {ergonomic}
   size_t InitialHeapSize                          = 1073741824                                {product} {ergonomic}
     bool ManagementServer                         = true                                      {product} {command line}
   size_t MarkStackSize                            = 4194304                                   {product} {ergonomic}
   size_t MaxHeapSize                              = 17146314752                               {product} {ergonomic}
   size_t MaxNewSize                               = 10284433408                               {product} {ergonomic}
   size_t MinHeapDeltaBytes                        = 8388608                                   {product} {ergonomic}
   size_t MinHeapSize                              = 8388608                                   {product} {ergonomic}
    uintx NonProfiledCodeHeapSize                  = 0                                      {pd product} {ergonomic}
     bool ProfileInterpreter                       = false                                  {pd product} {command line}
    uintx ProfiledCodeHeapSize                     = 0                                      {pd product} {ergonomic}
     bool ShowCodeDetailsInExceptionMessages       = true                                   {manageable} {command line}
   size_t SoftMaxHeapSize                          = 17146314752                            {manageable} {ergonomic}
     intx TieredStopAtLevel                        = 1                                         {product} {command line}
     bool UseCompressedClassPointers               = true                           {product lp64_product} {ergonomic}
     bool UseCompressedOops                        = true                           {product lp64_product} {ergonomic}
     bool UseG1GC                                  = true                                      {product} {ergonomic}
     bool UseLargePagesIndividualAllocation        = false                                  {pd product} {ergonomic}

Logging:
Log output configuration:
 #0: stdout all=warning uptime,level,tags
 #1: stderr all=off uptime,level,tags

Environment Variables:
JAVA_HOME=C:\Program Files\Eclipse Adoptium\jdk-17.0.8.101-hotspot\
PATH=C:/pleiades/2023-09/eclipse/.//plugins/org.eclipse.justj.openjdk.hotspot.jre.full.win32.x86_64_17.0.9.v20231028-0858/jre/bin/server;C:/pleiades/2023-09/eclipse/.//plugins/org.eclipse.justj.openjdk.hotspot.jre.full.win32.x86_64_17.0.9.v20231028-0858/jre/bin;C:\WINDOWS\system32;C:\WINDOWS;C:\Program Files\Common Files\Oracle\Java\javapath;C:\Program Files (x86)\Common Files\Oracle\Java\javapath;C:\Python311\Scripts\;C:\Python311\;C:\Program Files (x86)\Windows Resource Kits\Tools\;C:\Program Files\OpenSSL-Win64\bin;C:\apache-maven-3.9.0\bin;C:\Program Files\Oculus\Support\oculus-runtime;C:\Program Files\PostgreSQL\14\bin;C:\Users\gmaki\Documents\win-acme;C:\Program Files (x86)\Razer Chroma SDK\bin;C:\Program Files\Razer Chroma SDK\bin;C:\Program Files (x86)\Razer\ChromaBroadcast\bin;C:\Program Files\Razer\ChromaBroadcast\bin;C:\WINDOWS;C:\WINDOWS\System32\Wbem;C:\WINDOWS\System32\WindowsPowerShell\v1.0\;C:\WINDOWS\System32\OpenSSH\;C:\Program Files (x86)\NVIDIA Corporation\PhysX\Common;C:\Program Files\dotnet\;C:\WINDOWS\system32\config\systemprofile\AppData\Local\Microsoft\WindowsApps;C:\Program Files\server.jar;C:\WINDOWS\system32;C:\WINDOWS;C:\WINDOWS\System32\Wbem;C:\WINDOWS\System32\WindowsPowerShell\v1.0\;C:\WINDOWS\System32\OpenSSH\;C:\Program Files\WinMerge;C:\poi\poi-bin-5.2.3;C:\poi\poi-bin-5.2.3\ooxml-lib;C:\poi\poi-bin-5.2.3\lib;C:\Program Files\Git LFS;C:\ProgramData\chocolatey\bin;C:\Program Files (x86)\Groovy\bin;C:\Program Files\NVIDIA Corporation\NVIDIA NvDLISR;C:\Program Files\Git\cmd;C:\Program Files\Intel\PresentMon\PresentMonApplication\;C:\Program Files\nodejs\;C:\Program Files\MySQL\MySQL Shell 8.0\bin\;C:\WINDOWS\system32;C:\WINDOWS;C:\Users\gmaki\AppData\Roaming\Python\Python39\Scripts;C:\Program Files (x86)\GnuWin32\bin;C:\Program Files\Common Files\Oracle\Java\javapath;C:\Program Files\PostgreSQL\14\bin;C:\Program Files (x86)\Common Files\Oracle\Java\javapath;C:\Users\gmaki\Documents\win-acme;C:\Program Files (x86)\Razer Chroma SDK\bin;C:\
USERNAME=gmaki
OS=Windows_NT
PROCESSOR_IDENTIFIER=Intel64 Family 6 Model 167 Stepping 1, GenuineIntel
TMP=R:\TEMP
TEMP=R:\TEMP



---------------  S Y S T E M  ---------------

OS:
 Windows 11 , 64 bit Build 22621 (10.0.22621.2506)
OS uptime: 2 days 0:29 hours
Hyper-V role detected

CPU: total 16 (initial active 16) (8 cores per cpu, 2 threads per core) family 6 model 167 stepping 1 microcode 0x58, cx8, cmov, fxsr, ht, mmx, 3dnowpref, sse, sse2, sse3, ssse3, sse4.1, sse4.2, popcnt, lzcnt, tsc, tscinvbit, avx, avx2, aes, erms, clmul, bmi1, bmi2, adx, avx512f, avx512dq, avx512cd, avx512bw, avx512vl, sha, fma, vzeroupper, avx512_vpopcntdq, avx512_vpclmulqdq, avx512_vaes, avx512_vnni, clflush, clflushopt, avx512_vbmi2, avx512_vbmi, hv
Processor Information for all 16 processors :
  Max Mhz: 3504, Current Mhz: 3504, Mhz Limit: 3504

Memory: 4k page, system-wide physical 65400M (24075M free)
TotalPageFile size 65400M (AvailPageFile size 140M)
current process WorkingSet (physical memory assigned to process): 120M, peak: 120M
current process commit charge ("private bytes"): 1179M, peak: 1179M

vm_info: OpenJDK 64-Bit Server VM (17.0.8.1+1) for windows-amd64 JRE (17.0.8.1+1), built on Aug 23 2023 15:29:17 by "admin" with MS VC++ 16.7 (VS2019)

END.
