#
# There is insufficient memory for the Java Runtime Environment to continue.
# Native memory allocation (mmap) failed to map 1073741824 bytes for G1 virtual space
# Possible reasons:
#   The system is out of physical RAM or swap space
#   The process is running with CompressedOops enabled, and the Java Heap may be blocking the growth of the native heap
# Possible solutions:
#   Reduce memory load on the system
#   Increase physical memory or swap space
#   Check if swap backing store is full
#   Decrease Java heap size (-Xmx/-Xms)
#   Decrease number of Java threads
#   Decrease Java thread stack sizes (-Xss)
#   Set larger code cache with -XX:ReservedCodeCacheSize=
#   JVM is running with Zero Based Compressed Oops mode in which the Java heap is
#     placed in the first 32GB address space. The Java Heap base address is the
#     maximum limit for the native heap growth. Please use -XX:HeapBaseMinAddress
#     to set the Java Heap base and to place the Java Heap above 32GB virtual address.
# This output file may be truncated or incomplete.
#
#  Out of Memory Error (os_windows.cpp:3617), pid=55760, tid=6752
#
# JRE version:  (17.0.8.1+1) (build )
# Java VM: OpenJDK 64-Bit Server VM (17.0.8.1+1, mixed mode, emulated-client, sharing, tiered, compressed oops, compressed class ptrs, g1 gc, windows-amd64)
# No core dump will be written. Minidumps are not enabled by default on client versions of Windows
#

---------------  S U M M A R Y ------------

Command Line: -XX:+ShowCodeDetailsInExceptionMessages -agentlib:jdwp=transport=dt_socket,suspend=y,address=localhost:52110 -Dcom.sun.management.jmxremote -Dcom.sun.management.jmxremote.port=52109 -Dcom.sun.management.jmxremote.authenticate=false -Dcom.sun.management.jmxremote.ssl=false -Djava.rmi.server.hostname=localhost -Dspring.jmx.enabled=true -Dmanagement.endpoints.jmx.exposure.include=* -Dspring.application.admin.enabled=true -XX:TieredStopAtLevel=1 -Dspring.boot.project.name=demo -javaagent:C:\pleiades\2023-09\eclipse\configuration\org.eclipse.osgi\308\0\.cp\lib\javaagent-shaded.jar -Dfile.encoding=UTF-8 -Dstdout.encoding=UTF-8 -Dstderr.encoding=UTF-8 com.example.demo.DemoApplication --spring.output.ansi.enabled=always

Host: 11th Gen Intel(R) Core(TM) i9-11900KF @ 3.50GHz, 16 cores, 63G,  Windows 11 , 64 bit Build 22621 (10.0.22621.2506)
Time: Sun Nov  5 16:17:28 2023  Windows 11 , 64 bit Build 22621 (10.0.22621.2506) elapsed time: 0.009827 seconds (0d 0h 0m 0s)

---------------  T H R E A D  ---------------

Current thread (0x000001cb29762a00):  JavaThread "Unknown thread" [_thread_in_vm, id=6752, stack(0x0000000342200000,0x0000000342300000)]

Stack: [0x0000000342200000,0x0000000342300000]
Native frames: (J=compiled Java code, j=interpreted, Vv=VM code, C=native code)
V  [jvm.dll+0x678b0a]
V  [jvm.dll+0x835e84]
V  [jvm.dll+0x83762e]
V  [jvm.dll+0x837c93]
V  [jvm.dll+0x24746f]
V  [jvm.dll+0x675859]
V  [jvm.dll+0x66a0ea]
V  [jvm.dll+0x306c7b]
V  [jvm.dll+0x30e166]
V  [jvm.dll+0x35dd3e]
V  [jvm.dll+0x35df6f]
V  [jvm.dll+0x2ddb48]
V  [jvm.dll+0x2deab4]
V  [jvm.dll+0x807f31]
V  [jvm.dll+0x36bb21]
V  [jvm.dll+0x7e733c]
V  [jvm.dll+0x3ee4af]
V  [jvm.dll+0x3f00c1]
C  [jli.dll+0x528b]
C  [ucrtbase.dll+0x29363]
C  [KERNEL32.DLL+0x1257d]
C  [ntdll.dll+0x5aa58]


---------------  P R O C E S S  ---------------

Threads class SMR info:
_java_thread_list=0x00007ffeed66a018, length=0, elements={
}

Java Threads: ( => current thread )

Other Threads:
  0x000001cb34930be0 GCTaskThread "GC Thread#0" [stack: 0x0000000342300000,0x0000000342400000] [id=53544]
  0x000001cb297e39c0 ConcurrentGCThread "G1 Main Marker" [stack: 0x0000000342400000,0x0000000342500000] [id=50324]
  0x000001cb297e43d0 ConcurrentGCThread "G1 Conc#0" [stack: 0x0000000342500000,0x0000000342600000] [id=37480]

[error occurred during error reporting (printing all threads), id 0xc0000005, EXCEPTION_ACCESS_VIOLATION (0xc0000005) at pc=0x00007ffeece3e587]

VM state: not at safepoint (not fully initialized)

VM Mutex/Monitor currently owned by a thread:  ([mutex/lock_event])
[0x000001cb2975d750] Heap_lock - owner thread: 0x000001cb29762a00

Heap address: 0x0000000402000000, size: 16352 MB, Compressed Oops mode: Zero based, Oop shift amount: 3

CDS archive(s) mapped at: [0x0000000000000000-0x0000000000000000-0x0000000000000000), size 0, SharedBaseAddress: 0x0000000800000000, ArchiveRelocationMode: 1.
Narrow klass base: 0x0000000000000000, Narrow klass shift: 0, Narrow klass range: 0x0

GC Precious Log:
<Empty>

Heap:
 garbage-first heap   total 0K, used 0K [0x0000000402000000, 0x0000000800000000)
  region size 8192K, 0 young (0K), 0 survivors (0K)

[error occurred during error reporting (printing heap information), id 0xc0000005, EXCEPTION_ACCESS_VIOLATION (0xc0000005) at pc=0x00007ffeed222699]

GC Heap History (0 events):
No events

Dll operation events (1 events):
Event: 0.006 Loaded shared library C:\pleiades\2023-09\java\17\bin\java.dll

Deoptimization events (0 events):
No events

Classes unloaded (0 events):
No events

Classes redefined (0 events):
No events

Internal exceptions (0 events):
No events

VM Operations (0 events):
No events

Events (0 events):
No events


Dynamic libraries:
0x00007ff627940000 - 0x00007ff62794e000 	C:\pleiades\2023-09\java\17\bin\javaw.exe
0x00007ff8288d0000 - 0x00007ff828ae7000 	C:\WINDOWS\SYSTEM32\ntdll.dll
0x00007ff827920000 - 0x00007ff8279e4000 	C:\WINDOWS\System32\KERNEL32.DLL
0x00007ff826280000 - 0x00007ff826627000 	C:\WINDOWS\System32\KERNELBASE.dll
0x00007ff825c50000 - 0x00007ff825d61000 	C:\WINDOWS\System32\ucrtbase.dll
0x00007ff818220000 - 0x00007ff818239000 	C:\pleiades\2023-09\java\17\bin\VCRUNTIME140.dll
0x00007ff818130000 - 0x00007ff818147000 	C:\pleiades\2023-09\java\17\bin\jli.dll
0x00007ff827c10000 - 0x00007ff827dbe000 	C:\WINDOWS\System32\USER32.dll
0x00007ff825de0000 - 0x00007ff825e06000 	C:\WINDOWS\System32\win32u.dll
0x00007ff819570000 - 0x00007ff819803000 	C:\WINDOWS\WinSxS\amd64_microsoft.windows.common-controls_6595b64144ccf1df_6.0.22621.2506_none_270c5ae97388e100\COMCTL32.dll
0x00007ff8271e0000 - 0x00007ff827287000 	C:\WINDOWS\System32\msvcrt.dll
0x00007ff827ad0000 - 0x00007ff827af9000 	C:\WINDOWS\System32\GDI32.dll
0x00007ff825f30000 - 0x00007ff826049000 	C:\WINDOWS\System32\gdi32full.dll
0x00007ff825e10000 - 0x00007ff825eaa000 	C:\WINDOWS\System32\msvcp_win.dll
0x00007ff8277c0000 - 0x00007ff8277f1000 	C:\WINDOWS\System32\IMM32.DLL
0x00007ff8207e0000 - 0x00007ff8207ec000 	C:\pleiades\2023-09\java\17\bin\vcruntime140_1.dll
0x00007ffff2fb0000 - 0x00007ffff3041000 	C:\pleiades\2023-09\java\17\bin\msvcp140.dll
0x00007ffeecb50000 - 0x00007ffeed79c000 	C:\pleiades\2023-09\java\17\bin\server\jvm.dll
0x00007ff827dc0000 - 0x00007ff827e70000 	C:\WINDOWS\System32\ADVAPI32.dll
0x00007ff827030000 - 0x00007ff8270d6000 	C:\WINDOWS\System32\sechost.dll
0x00007ff826f10000 - 0x00007ff827027000 	C:\WINDOWS\System32\RPCRT4.dll
0x00007ff8211c0000 - 0x00007ff8211c9000 	C:\WINDOWS\SYSTEM32\WSOCK32.dll
0x00007ff825470000 - 0x00007ff8254bd000 	C:\WINDOWS\SYSTEM32\POWRPROF.dll
0x00007ff816960000 - 0x00007ff816994000 	C:\WINDOWS\SYSTEM32\WINMM.dll
0x00007ff81cfe0000 - 0x00007ff81cfea000 	C:\WINDOWS\SYSTEM32\VERSION.dll
0x00007ff8273b0000 - 0x00007ff827421000 	C:\WINDOWS\System32\WS2_32.dll
0x00007ff825440000 - 0x00007ff825453000 	C:\WINDOWS\SYSTEM32\UMPDC.dll
0x00007ff824bb0000 - 0x00007ff824bc8000 	C:\WINDOWS\SYSTEM32\kernel.appcore.dll
0x00007ff81f940000 - 0x00007ff81f94a000 	C:\pleiades\2023-09\java\17\bin\jimage.dll
0x00007ff8235f0000 - 0x00007ff823823000 	C:\WINDOWS\SYSTEM32\DBGHELP.DLL
0x00007ff827430000 - 0x00007ff8277b9000 	C:\WINDOWS\System32\combase.dll
0x00007ff8279f0000 - 0x00007ff827ac7000 	C:\WINDOWS\System32\OLEAUT32.dll
0x00007ff816080000 - 0x00007ff8160b2000 	C:\WINDOWS\SYSTEM32\dbgcore.DLL
0x00007ff825eb0000 - 0x00007ff825f2a000 	C:\WINDOWS\System32\bcryptPrimitives.dll
0x00007ffff01f0000 - 0x00007ffff022b000 	C:\pleiades\2023-09\java\17\bin\jdwp.dll
0x00007ff818290000 - 0x00007ff81829e000 	C:\pleiades\2023-09\java\17\bin\instrument.dll
0x00007ff812d40000 - 0x00007ff812d65000 	C:\pleiades\2023-09\java\17\bin\java.dll

dbghelp: loaded successfully - version: 4.0.5 - missing functions: none
symbol engine: initialized successfully - sym options: 0x614 - pdb path: .;C:\pleiades\2023-09\java\17\bin;C:\WINDOWS\SYSTEM32;C:\WINDOWS\WinSxS\amd64_microsoft.windows.common-controls_6595b64144ccf1df_6.0.22621.2506_none_270c5ae97388e100;C:\pleiades\2023-09\java\17\bin\server

VM Arguments:
jvm_args: -XX:+ShowCodeDetailsInExceptionMessages -agentlib:jdwp=transport=dt_socket,suspend=y,address=localhost:52110 -Dcom.sun.management.jmxremote -Dcom.sun.management.jmxremote.port=52109 -Dcom.sun.management.jmxremote.authenticate=false -Dcom.sun.management.jmxremote.ssl=false -Djava.rmi.server.hostname=localhost -Dspring.jmx.enabled=true -Dmanagement.endpoints.jmx.exposure.include=* -Dspring.application.admin.enabled=true -XX:TieredStopAtLevel=1 -Dspring.boot.project.name=demo -javaagent:C:\pleiades\2023-09\eclipse\configuration\org.eclipse.osgi\308\0\.cp\lib\javaagent-shaded.jar -Dfile.encoding=UTF-8 -Dstdout.encoding=UTF-8 -Dstderr.encoding=UTF-8 
java_command: com.example.demo.DemoApplication --spring.output.ansi.enabled=always
java_class_path (initial): C:\Users\gmaki\Documents\demo\bin\main;C:\Users\gmaki\Documents\demo\bin\default;C:\Users\gmaki\.gradle\caches\modules-2\files-2.1\org.projectlombok\lombok\1.18.30\f195ee86e6c896ea47a1d39defbe20eb59cd149d\lombok-1.18.30.jar;C:\Users\gmaki\.gradle\caches\modules-2\files-2.1\org.springframework.boot\spring-boot-starter-data-jpa\3.1.5\5fdcfab1fe9d6dddf4352d71f5ed879eb1aa92c2\spring-boot-starter-data-jpa-3.1.5.jar;C:\Users\gmaki\.gradle\caches\modules-2\files-2.1\org.springframework.boot\spring-boot-starter-jdbc\3.1.5\138c0e0ab493d8a51bb51dfc3b7144d702ff4c26\spring-boot-starter-jdbc-3.1.5.jar;C:\Users\gmaki\.gradle\caches\modules-2\files-2.1\org.springframework.boot\spring-boot-starter-thymeleaf\3.1.5\3d5f1bff03e5e58b065ca230b7ee24b84bf7fe75\spring-boot-starter-thymeleaf-3.1.5.jar;C:\Users\gmaki\.gradle\caches\modules-2\files-2.1\org.springframework.boot\spring-boot-starter-validation\3.1.5\f653e6661ec3da08003789f4a6583d1674e333b1\spring-boot-starter-validation-3.1.5.jar;C:\Users\gmaki\.gradle\caches\modules-2\files-2.1\org.springframework.boot\spring-boot-starter-web\3.1.5\3674e5603cc25bc4dccf73b97d50234332fc3d72\spring-boot-starter-web-3.1.5.jar;C:\Users\gmaki\.gradle\caches\modules-2\files-2.1\nz.net.ultraq.thymeleaf\thymeleaf-layout-dialect\3.2.1\526f2e950a4d67ea49198f9ea5b4ec303ed002c2\thymeleaf-layout-dialect-3.2.1.jar;C:\Users\gmaki\.gradle\caches\modules-2\files-2.1\org.springframework.security\spring-security-core\6.1.5\bc6fe788306b296c210db471a02d7d8f2ea4e7cd\spring-security-core-6.1.5.jar;C:\Users\gmaki\.gradle\caches\modules-2\files-2.1\org.springframework.boot\spring-boot-starter-aop\3.1.5\2ac1f8bf4c2bce13b46d04abafc69a4f1523a08\spring-boot-starter-aop-3.1.5.jar;C:\Users\gmaki\.gradle\caches\modules-2\files-2.1\org.springframework.boot\spring-boot-starter-json\3.1.5\36ce79c1a5c63ffd72b092eb312cb35ac6edb128\spring-boot-starter-json-3.1.5.jar;C:\Users\gmaki\.gradle\caches\modules-2\files-2.1\org.springframework.boot\spring-boot-st
Launcher Type: SUN_STANDARD

[Global flags]
     intx CICompilerCount                          = 12                                        {product} {ergonomic}
     uint ConcGCThreads                            = 3                                         {product} {ergonomic}
     uint G1ConcRefinementThreads                  = 13                                        {product} {ergonomic}
   size_t G1HeapRegionSize                         = 8388608                                   {product} {ergonomic}
    uintx GCDrainStackTargetSize                   = 64                                        {product} {ergonomic}
   size_t InitialHeapSize                          = 1073741824                                {product} {ergonomic}
     bool ManagementServer                         = true                                      {product} {command line}
   size_t MarkStackSize                            = 4194304                                   {product} {ergonomic}
   size_t MaxHeapSize                              = 17146314752                               {product} {ergonomic}
   size_t MinHeapDeltaBytes                        = 8388608                                   {product} {ergonomic}
   size_t MinHeapSize                              = 8388608                                   {product} {ergonomic}
    uintx NonProfiledCodeHeapSize                  = 0                                      {pd product} {ergonomic}
     bool ProfileInterpreter                       = false                                  {pd product} {command line}
    uintx ProfiledCodeHeapSize                     = 0                                      {pd product} {ergonomic}
     bool ShowCodeDetailsInExceptionMessages       = true                                   {manageable} {command line}
   size_t SoftMaxHeapSize                          = 17146314752                            {manageable} {ergonomic}
     intx TieredStopAtLevel                        = 1                                         {product} {command line}
     bool UseCompressedClassPointers               = true                           {product lp64_product} {ergonomic}
     bool UseCompressedOops                        = true                           {product lp64_product} {ergonomic}
     bool UseG1GC                                  = true                                      {product} {ergonomic}
     bool UseLargePagesIndividualAllocation        = false                                  {pd product} {ergonomic}

Logging:
Log output configuration:
 #0: stdout all=warning uptime,level,tags
 #1: stderr all=off uptime,level,tags

Environment Variables:
JAVA_HOME=C:\Program Files\Eclipse Adoptium\jdk-17.0.8.101-hotspot\
PATH=C:/pleiades/2023-09/eclipse/.//plugins/org.eclipse.justj.openjdk.hotspot.jre.full.win32.x86_64_17.0.9.v20231028-0858/jre/bin/server;C:/pleiades/2023-09/eclipse/.//plugins/org.eclipse.justj.openjdk.hotspot.jre.full.win32.x86_64_17.0.9.v20231028-0858/jre/bin;C:\WINDOWS\system32;C:\WINDOWS;C:\Program Files\Common Files\Oracle\Java\javapath;C:\Program Files (x86)\Common Files\Oracle\Java\javapath;C:\Python311\Scripts\;C:\Python311\;C:\Program Files (x86)\Windows Resource Kits\Tools\;C:\Program Files\OpenSSL-Win64\bin;C:\apache-maven-3.9.0\bin;C:\Program Files\Oculus\Support\oculus-runtime;C:\Program Files\PostgreSQL\14\bin;C:\Users\gmaki\Documents\win-acme;C:\Program Files (x86)\Razer Chroma SDK\bin;C:\Program Files\Razer Chroma SDK\bin;C:\Program Files (x86)\Razer\ChromaBroadcast\bin;C:\Program Files\Razer\ChromaBroadcast\bin;C:\WINDOWS;C:\WINDOWS\System32\Wbem;C:\WINDOWS\System32\WindowsPowerShell\v1.0\;C:\WINDOWS\System32\OpenSSH\;C:\Program Files (x86)\NVIDIA Corporation\PhysX\Common;C:\Program Files\dotnet\;C:\WINDOWS\system32\config\systemprofile\AppData\Local\Microsoft\WindowsApps;C:\Program Files\server.jar;C:\WINDOWS\system32;C:\WINDOWS;C:\WINDOWS\System32\Wbem;C:\WINDOWS\System32\WindowsPowerShell\v1.0\;C:\WINDOWS\System32\OpenSSH\;C:\Program Files\WinMerge;C:\poi\poi-bin-5.2.3;C:\poi\poi-bin-5.2.3\ooxml-lib;C:\poi\poi-bin-5.2.3\lib;C:\Program Files\Git LFS;C:\ProgramData\chocolatey\bin;C:\Program Files (x86)\Groovy\bin;C:\Program Files\NVIDIA Corporation\NVIDIA NvDLISR;C:\Program Files\Git\cmd;C:\Program Files\Intel\PresentMon\PresentMonApplication\;C:\Program Files\nodejs\;C:\Program Files\MySQL\MySQL Shell 8.0\bin\;C:\WINDOWS\system32;C:\WINDOWS;C:\Users\gmaki\AppData\Roaming\Python\Python39\Scripts;C:\Program Files (x86)\GnuWin32\bin;C:\Program Files\Common Files\Oracle\Java\javapath;C:\Program Files\PostgreSQL\14\bin;C:\Program Files (x86)\Common Files\Oracle\Java\javapath;C:\Users\gmaki\Documents\win-acme;C:\Program Files (x86)\Razer Chroma SDK\bin;C:\
USERNAME=gmaki
OS=Windows_NT
PROCESSOR_IDENTIFIER=Intel64 Family 6 Model 167 Stepping 1, GenuineIntel
TMP=R:\TEMP
TEMP=R:\TEMP



---------------  S Y S T E M  ---------------

OS:
 Windows 11 , 64 bit Build 22621 (10.0.22621.2506)
OS uptime: 2 days 2:18 hours
Hyper-V role detected

CPU: total 16 (initial active 16) (8 cores per cpu, 2 threads per core) family 6 model 167 stepping 1 microcode 0x58, cx8, cmov, fxsr, ht, mmx, 3dnowpref, sse, sse2, sse3, ssse3, sse4.1, sse4.2, popcnt, lzcnt, tsc, tscinvbit, avx, avx2, aes, erms, clmul, bmi1, bmi2, adx, avx512f, avx512dq, avx512cd, avx512bw, avx512vl, sha, fma, vzeroupper, avx512_vpopcntdq, avx512_vpclmulqdq, avx512_vaes, avx512_vnni, clflush, clflushopt, avx512_vbmi2, avx512_vbmi, hv
Processor Information for all 16 processors :
  Max Mhz: 3504, Current Mhz: 3504, Mhz Limit: 3504

Memory: 4k page, system-wide physical 65400M (24503M free)
TotalPageFile size 65400M (AvailPageFile size 831M)
current process WorkingSet (physical memory assigned to process): 12M, peak: 12M
current process commit charge ("private bytes"): 66M, peak: 1090M

vm_info: OpenJDK 64-Bit Server VM (17.0.8.1+1) for windows-amd64 JRE (17.0.8.1+1), built on Aug 23 2023 15:29:17 by "admin" with MS VC++ 16.7 (VS2019)

END.
